TN:
SF:src/test-stellar-clients.ts
FN:43,log
FN:47,logSuccess
FN:51,logError
FN:55,logWarning
FN:59,logInfo
FN:63,logSection
FN:70,testConfiguration
FN:91,(anonymous_8)
FN:102,testClientFactory
FN:124,testEscrowFactoryClient
FN:140,(anonymous_11)
FN:143,(anonymous_12)
FN:168,testFeeManagerClient
FN:195,testUserRegistryClient
FN:222,runTests
FN:260,(anonymous_16)
FN:269,(anonymous_17)
FN:293,(anonymous_18)
FNF:18
FNH:0
FNDA:0,log
FNDA:0,logSuccess
FNDA:0,logError
FNDA:0,logWarning
FNDA:0,logInfo
FNDA:0,logSection
FNDA:0,testConfiguration
FNDA:0,(anonymous_8)
FNDA:0,testClientFactory
FNDA:0,testEscrowFactoryClient
FNDA:0,(anonymous_11)
FNDA:0,(anonymous_12)
FNDA:0,testFeeManagerClient
FNDA:0,testUserRegistryClient
FNDA:0,runTests
FNDA:0,(anonymous_16)
FNDA:0,(anonymous_17)
FNDA:0,(anonymous_18)
DA:20,0
DA:21,0
DA:24,0
DA:26,0
DA:30,0
DA:33,0
DA:44,0
DA:48,0
DA:52,0
DA:56,0
DA:60,0
DA:64,0
DA:65,0
DA:66,0
DA:67,0
DA:71,0
DA:73,0
DA:75,0
DA:76,0
DA:79,0
DA:80,0
DA:81,0
DA:84,0
DA:86,0
DA:87,0
DA:88,0
DA:90,0
DA:91,0
DA:92,0
DA:94,0
DA:97,0
DA:98,0
DA:103,0
DA:105,0
DA:106,0
DA:107,0
DA:110,0
DA:111,0
DA:114,0
DA:115,0
DA:117,0
DA:119,0
DA:120,0
DA:125,0
DA:127,0
DA:128,0
DA:130,0
DA:131,0
DA:133,0
DA:134,0
DA:135,0
DA:138,0
DA:139,0
DA:140,0
DA:142,0
DA:143,0
DA:144,0
DA:146,0
DA:147,0
DA:152,0
DA:154,0
DA:155,0
DA:158,0
DA:160,0
DA:161,0
DA:164,0
DA:169,0
DA:171,0
DA:172,0
DA:174,0
DA:175,0
DA:177,0
DA:178,0
DA:179,0
DA:181,0
DA:182,0
DA:185,0
DA:187,0
DA:188,0
DA:191,0
DA:196,0
DA:198,0
DA:199,0
DA:201,0
DA:202,0
DA:204,0
DA:205,0
DA:206,0
DA:208,0
DA:209,0
DA:212,0
DA:214,0
DA:215,0
DA:218,0
DA:223,0
DA:224,0
DA:225,0
DA:226,0
DA:228,0
DA:237,0
DA:239,0
DA:240,0
DA:242,0
DA:243,0
DA:244,0
DA:245,0
DA:250,0
DA:252,0
DA:260,0
DA:261,0
DA:262,0
DA:264,0
DA:268,0
DA:269,0
DA:270,0
DA:272,0
DA:273,0
DA:275,0
DA:276,0
DA:277,0
DA:278,0
DA:279,0
DA:280,0
DA:282,0
DA:283,0
DA:284,0
DA:285,0
DA:286,0
DA:287,0
DA:288,0
DA:293,0
DA:294,0
DA:295,0
LF:133
LH:0
BRDA:43,0,0,0
BRDA:86,1,0,0
BRDA:86,1,1,0
BRDA:97,2,0,0
BRDA:97,2,1,0
BRDA:119,3,0,0
BRDA:119,3,1,0
BRDA:133,4,0,0
BRDA:133,4,1,0
BRDA:138,5,0,0
BRDA:138,5,1,0
BRDA:140,6,0,0
BRDA:140,6,1,0
BRDA:142,7,0,0
BRDA:142,7,1,0
BRDA:146,8,0,0
BRDA:146,8,1,0
BRDA:158,9,0,0
BRDA:158,9,1,0
BRDA:160,10,0,0
BRDA:160,10,1,0
BRDA:160,11,0,0
BRDA:160,11,1,0
BRDA:177,12,0,0
BRDA:177,12,1,0
BRDA:185,13,0,0
BRDA:185,13,1,0
BRDA:187,14,0,0
BRDA:187,14,1,0
BRDA:187,15,0,0
BRDA:187,15,1,0
BRDA:204,16,0,0
BRDA:204,16,1,0
BRDA:212,17,0,0
BRDA:212,17,1,0
BRDA:214,18,0,0
BRDA:214,18,1,0
BRDA:214,19,0,0
BRDA:214,19,1,0
BRDA:239,20,0,0
BRDA:239,20,1,0
BRDA:242,21,0,0
BRDA:242,21,1,0
BRDA:261,22,0,0
BRDA:261,22,1,0
BRDA:275,23,0,0
BRDA:275,23,1,0
BRDA:294,24,0,0
BRDA:294,24,1,0
BRF:49
BRH:0
end_of_record
TN:
SF:src/blockchain/project-publication.service.ts
FN:27,(anonymous_1)
FN:49,(anonymous_2)
FN:105,(anonymous_3)
FN:110,(anonymous_4)
FN:131,(anonymous_5)
FN:132,(anonymous_6)
FNF:6
FNH:0
FNDA:0,(anonymous_1)
FNDA:0,(anonymous_2)
FNDA:0,(anonymous_3)
FNDA:0,(anonymous_4)
FNDA:0,(anonymous_5)
FNDA:0,(anonymous_6)
DA:1,1
DA:12,1
DA:14,1
DA:21,1
DA:28,0
DA:29,0
DA:31,0
DA:32,0
DA:34,0
DA:35,0
DA:38,0
DA:39,0
DA:42,0
DA:44,0
DA:45,0
DA:46,0
DA:54,0
DA:55,0
DA:58,0
DA:59,0
DA:60,0
DA:62,0
DA:78,0
DA:80,0
DA:81,0
DA:84,0
DA:85,0
DA:87,0
DA:89,0
DA:90,0
DA:93,0
DA:95,0
DA:96,0
DA:99,0
DA:106,0
DA:107,0
DA:115,0
DA:117,0
DA:118,0
DA:120,0
DA:121,0
DA:124,0
DA:125,0
DA:128,0
DA:132,0
LF:45
LH:4
BRDA:31,0,0,0
BRDA:31,0,1,0
BRDA:32,1,0,0
BRDA:32,1,1,0
BRDA:34,2,0,0
BRDA:34,2,1,0
BRDA:38,3,0,0
BRDA:38,3,1,0
BRDA:43,4,0,0
BRDA:43,4,1,0
BRDA:80,5,0,0
BRDA:80,5,1,0
BRDA:89,6,0,0
BRDA:89,6,1,0
BRDA:95,7,0,0
BRDA:95,7,1,0
BRDA:112,8,0,0
BRDA:113,9,0,0
BRDA:120,10,0,0
BRDA:120,10,1,0
BRF:20
BRH:0
end_of_record
TN:
SF:src/blockchain/task-record.service.ts
FN:43,(anonymous_1)
FN:82,(anonymous_2)
FN:128,(anonymous_3)
FN:201,(anonymous_4)
FN:225,(anonymous_5)
FN:240,(anonymous_6)
FN:262,(anonymous_7)
FN:277,(anonymous_8)
FN:286,(anonymous_9)
FN:287,(anonymous_10)
FN:302,(anonymous_11)
FN:311,(anonymous_12)
FN:312,(anonymous_13)
FN:327,(anonymous_14)
FN:345,(anonymous_15)
FN:353,(anonymous_16)
FN:377,(anonymous_17)
FN:378,(anonymous_18)
FNF:18
FNH:0
FNDA:0,(anonymous_1)
FNDA:0,(anonymous_2)
FNDA:0,(anonymous_3)
FNDA:0,(anonymous_4)
FNDA:0,(anonymous_5)
FNDA:0,(anonymous_6)
FNDA:0,(anonymous_7)
FNDA:0,(anonymous_8)
FNDA:0,(anonymous_9)
FNDA:0,(anonymous_10)
FNDA:0,(anonymous_11)
FNDA:0,(anonymous_12)
FNDA:0,(anonymous_13)
FNDA:0,(anonymous_14)
FNDA:0,(anonymous_15)
FNDA:0,(anonymous_16)
FNDA:0,(anonymous_17)
FNDA:0,(anonymous_18)
DA:1,1
DA:15,1
DA:17,1
DA:35,1
DA:44,0
DA:48,0
DA:51,0
DA:54,0
DA:56,0
DA:59,0
DA:60,0
DA:63,0
DA:64,0
DA:67,0
DA:69,0
DA:71,0
DA:73,0
DA:74,0
DA:75,0
DA:83,0
DA:85,0
DA:86,0
DA:88,0
DA:96,0
DA:98,0
DA:99,0
DA:102,0
DA:104,0
DA:106,0
DA:108,0
DA:109,0
DA:112,0
DA:114,0
DA:115,0
DA:118,0
DA:119,0
DA:134,0
DA:136,0
DA:137,0
DA:138,0
DA:139,0
DA:141,0
DA:157,0
DA:159,0
DA:160,0
DA:163,0
DA:165,0
DA:167,0
DA:169,0
DA:170,0
DA:173,0
DA:175,0
DA:176,0
DA:180,0
DA:182,0
DA:190,0
DA:202,0
DA:204,0
DA:206,0
DA:216,0
DA:218,0
DA:219,0
DA:222,0
DA:225,0
DA:234,0
DA:241,0
DA:243,0
DA:245,0
DA:253,0
DA:255,0
DA:256,0
DA:259,0
DA:262,0
DA:271,0
DA:283,0
DA:285,0
DA:286,0
DA:287,0
DA:289,0
DA:291,0
DA:308,0
DA:310,0
DA:311,0
DA:312,0
DA:314,0
DA:316,0
DA:334,0
DA:346,0
DA:347,0
DA:358,0
DA:360,0
DA:361,0
DA:363,0
DA:364,0
DA:367,0
DA:368,0
DA:371,0
DA:378,0
LF:98
LH:4
BRDA:45,0,0,0
BRDA:45,0,1,0
BRDA:48,1,0,0
BRDA:48,1,1,0
BRDA:48,1,2,0
BRDA:52,2,0,0
BRDA:52,2,1,0
BRDA:54,3,0,0
BRDA:54,3,1,0
BRDA:57,4,0,0
BRDA:57,4,1,0
BRDA:59,5,0,0
BRDA:59,5,1,0
BRDA:63,6,0,0
BRDA:63,6,1,0
BRDA:98,7,0,0
BRDA:98,7,1,0
BRDA:108,8,0,0
BRDA:108,8,1,0
BRDA:114,9,0,0
BRDA:114,9,1,0
BRDA:159,10,0,0
BRDA:159,10,1,0
BRDA:169,11,0,0
BRDA:169,11,1,0
BRDA:175,12,0,0
BRDA:175,12,1,0
BRDA:218,13,0,0
BRDA:218,13,1,0
BRDA:255,14,0,0
BRDA:255,14,1,0
BRDA:289,15,0,0
BRDA:289,15,1,0
BRDA:314,16,0,0
BRDA:314,16,1,0
BRDA:355,17,0,0
BRDA:356,18,0,0
BRDA:363,19,0,0
BRDA:363,19,1,0
BRF:39
BRH:0
end_of_record
TN:
SF:src/config/auth.config.ts
FN:109,isPublicRoute
FN:110,(anonymous_1)
FN:120,getRequiredRole
FN:122,(anonymous_3)
FN:133,validateAuthConfig
FNF:5
FNH:0
FNDA:0,isPublicRoute
FNDA:0,(anonymous_1)
FNDA:0,getRequiredRole
FNDA:0,(anonymous_3)
FNDA:0,validateAuthConfig
DA:7,0
DA:109,0
DA:110,0
DA:111,0
DA:120,0
DA:121,0
DA:122,0
DA:123,0
DA:126,0
DA:133,0
DA:134,0
DA:135,0
DA:138,0
DA:139,0
DA:144,0
LF:15
LH:0
BRDA:11,0,0,0
BRDA:11,0,1,0
BRDA:12,1,0,0
BRDA:12,1,1,0
BRDA:111,2,0,0
BRDA:111,2,1,0
BRDA:122,3,0,0
BRDA:122,3,1,0
BRDA:134,4,0,0
BRDA:134,4,1,0
BRDA:138,5,0,0
BRDA:138,5,1,0
BRF:12
BRH:0
end_of_record
TN:
SF:src/config/axios.config.ts
FN:11,createSecureAxiosInstance
FN:31,(anonymous_2)
FN:36,(anonymous_3)
FN:44,(anonymous_4)
FN:48,(anonymous_5)
FNF:5
FNH:0
FNDA:0,createSecureAxiosInstance
FNDA:0,(anonymous_2)
FNDA:0,(anonymous_3)
FNDA:0,(anonymous_4)
FNDA:0,(anonymous_5)
DA:6,0
DA:11,0
DA:12,0
DA:30,0
DA:33,0
DA:34,0
DA:37,0
DA:38,0
DA:43,0
DA:45,0
DA:46,0
DA:50,0
DA:51,0
DA:52,0
DA:53,0
DA:54,0
DA:55,0
DA:58,0
DA:59,0
DA:60,0
DA:61,0
DA:62,0
DA:63,0
DA:66,0
DA:67,0
DA:68,0
DA:69,0
DA:70,0
DA:71,0
DA:74,0
DA:75,0
DA:76,0
DA:77,0
DA:78,0
DA:79,0
DA:82,0
DA:86,0
DA:92,0
LF:38
LH:0
BRDA:50,0,0,0
BRDA:50,0,1,0
BRDA:58,1,0,0
BRDA:58,1,1,0
BRDA:66,2,0,0
BRDA:66,2,1,0
BRDA:66,3,0,0
BRDA:66,3,1,0
BRDA:74,4,0,0
BRDA:74,4,1,0
BRF:10
BRH:0
end_of_record
TN:
SF:src/config/contract-ids.ts
FN:39,validateContractIds
FNF:1
FNH:0
FNDA:0,validateContractIds
DA:15,0
DA:39,0
DA:40,0
DA:42,0
DA:43,0
DA:45,0
DA:46,0
DA:48,0
DA:49,0
DA:52,0
LF:10
LH:0
BRDA:20,0,0,0
BRDA:20,0,1,0
BRDA:26,1,0,0
BRDA:26,1,1,0
BRDA:32,2,0,0
BRDA:32,2,1,0
BRDA:42,3,0,0
BRDA:42,3,1,0
BRDA:45,4,0,0
BRDA:45,4,1,0
BRDA:48,5,0,0
BRDA:48,5,1,0
BRF:12
BRH:0
end_of_record
TN:
SF:src/config/oauth.config.ts
FN:11,getBaseUrl
FN:61,getProviderConfig
FN:68,isProviderEnabled
FN:75,getActiveProviders
FN:76,(anonymous_4)
FN:85,validateOAuthConfig
FNF:6
FNH:0
FNDA:0,getBaseUrl
FNDA:0,getProviderConfig
FNDA:0,isProviderEnabled
FNDA:0,getActiveProviders
FNDA:0,(anonymous_4)
FNDA:0,validateOAuthConfig
DA:6,0
DA:12,0
DA:21,0
DA:61,0
DA:62,0
DA:68,0
DA:69,0
DA:75,0
DA:76,0
DA:77,0
DA:85,0
DA:86,0
DA:87,0
DA:89,0
DA:90,0
DA:91,0
DA:92,0
DA:93,0
DA:96,0
DA:97,0
DA:98,0
DA:100,0
DA:101,0
DA:103,0
DA:104,0
DA:106,0
DA:107,0
DA:112,0
DA:113,0
DA:116,0
DA:117,0
DA:122,0
LF:32
LH:0
BRDA:12,0,0,0
BRDA:12,0,1,0
BRDA:12,0,2,0
BRDA:24,1,0,0
BRDA:24,1,1,0
BRDA:25,2,0,0
BRDA:25,2,1,0
BRDA:26,3,0,0
BRDA:26,3,1,0
BRDA:28,4,0,0
BRDA:28,4,1,0
BRDA:32,5,0,0
BRDA:32,5,1,0
BRDA:34,6,0,0
BRDA:34,6,1,0
BRDA:36,7,0,0
BRDA:36,7,1,0
BRDA:36,7,2,0
BRDA:36,7,3,0
BRDA:40,8,0,0
BRDA:40,8,1,0
BRDA:41,9,0,0
BRDA:41,9,1,0
BRDA:42,10,0,0
BRDA:42,10,1,0
BRDA:44,11,0,0
BRDA:44,11,1,0
BRDA:48,12,0,0
BRDA:48,12,1,0
BRDA:49,13,0,0
BRDA:49,13,1,0
BRDA:50,14,0,0
BRDA:50,14,1,0
BRDA:52,15,0,0
BRDA:52,15,1,0
BRDA:54,16,0,0
BRDA:54,16,1,0
BRDA:54,16,2,0
BRDA:91,17,0,0
BRDA:91,17,1,0
BRDA:92,18,0,0
BRDA:92,18,1,0
BRDA:96,19,0,0
BRDA:96,19,1,0
BRDA:97,20,0,0
BRDA:97,20,1,0
BRDA:100,21,0,0
BRDA:100,21,1,0
BRDA:103,22,0,0
BRDA:103,22,1,0
BRDA:106,23,0,0
BRDA:106,23,1,0
BRDA:112,24,0,0
BRDA:112,24,1,0
BRDA:116,25,0,0
BRDA:116,25,1,0
BRDA:116,26,0,0
BRDA:116,26,1,0
BRF:58
BRH:0
end_of_record
TN:
SF:src/config/stellar-contracts.ts
FN:24,(anonymous_0)
FN:65,(anonymous_1)
FN:124,(anonymous_2)
FN:132,(anonymous_3)
FN:132,(anonymous_4)
FNF:5
FNH:0
FNDA:0,(anonymous_0)
FNDA:0,(anonymous_1)
FNDA:0,(anonymous_2)
FNDA:0,(anonymous_3)
FNDA:0,(anonymous_4)
DA:1,0
DA:2,0
DA:24,0
DA:25,0
DA:29,0
DA:30,0
DA:32,0
DA:37,0
DA:38,0
DA:40,0
DA:46,0
DA:48,0
DA:65,0
DA:68,0
DA:71,0
DA:72,0
DA:73,0
DA:74,0
DA:80,0
DA:81,0
DA:85,0
DA:86,0
DA:88,0
DA:89,0
DA:91,0
DA:96,0
DA:97,0
DA:98,0
DA:99,0
DA:103,0
DA:105,0
DA:106,0
DA:107,0
DA:108,0
DA:109,0
DA:115,0
DA:124,0
DA:127,0
DA:128,0
DA:132,0
DA:137,0
DA:148,0
DA:157,0
LF:43
LH:0
BRDA:25,0,0,0
BRDA:25,0,1,0
BRDA:29,1,0,0
BRDA:29,1,1,0
BRDA:32,2,0,0
BRDA:32,2,1,0
BRDA:37,3,0,0
BRDA:37,3,1,0
BRDA:41,4,0,0
BRDA:41,4,1,0
BRDA:46,5,0,0
BRDA:46,5,1,0
BRDA:71,6,0,0
BRDA:71,6,1,0
BRDA:73,7,0,0
BRDA:73,7,1,0
BRDA:80,8,0,0
BRDA:80,8,1,0
BRDA:85,9,0,0
BRDA:85,9,1,0
BRDA:96,10,0,0
BRDA:96,10,1,0
BRDA:98,11,0,0
BRDA:98,11,1,0
BRDA:106,12,0,0
BRDA:106,12,1,0
BRDA:108,13,0,0
BRDA:108,13,1,0
BRF:28
BRH:0
end_of_record
TN:
SF:src/controllers/auth.controller.ts
FN:20,getNonce
FN:40,logoutV1
FN:102,register
FN:185,login
FN:267,loginWithWallet
FN:297,refresh
FN:336,me
FN:355,logout
FN:391,registerWithEmail
FN:472,registerWithWallet
FN:555,loginWithEmail
FN:641,getSessions
FN:670,revokeSession
FN:717,revokeAllSessionsHandler
FN:752,getDeviceType
FN:773,getOSFromUserAgent
FN:790,getBrowserFromUserAgent
FN:810,forgotPassword
FN:878,resetPassword
FNF:19
FNH:0
FNDA:0,getNonce
FNDA:0,logoutV1
FNDA:0,register
FNDA:0,login
FNDA:0,loginWithWallet
FNDA:0,refresh
FNDA:0,me
FNDA:0,logout
FNDA:0,registerWithEmail
FNDA:0,registerWithWallet
FNDA:0,loginWithEmail
FNDA:0,getSessions
FNDA:0,revokeSession
FNDA:0,revokeAllSessionsHandler
FNDA:0,getDeviceType
FNDA:0,getOSFromUserAgent
FNDA:0,getBrowserFromUserAgent
FNDA:0,forgotPassword
FNDA:0,resetPassword
DA:7,0
DA:17,0
DA:18,0
DA:20,0
DA:25,0
DA:26,0
DA:27,0
DA:28,0
DA:30,0
DA:31,0
DA:36,0
DA:40,0
DA:41,0
DA:42,0
DA:43,0
DA:44,0
DA:45,0
DA:46,0
DA:48,0
DA:49,0
DA:51,0
DA:58,0
DA:63,0
DA:102,0
DA:107,0
DA:108,0
DA:111,0
DA:112,0
DA:126,0
DA:127,0
DA:128,0
DA:142,0
DA:143,0
DA:157,0
DA:162,0
DA:164,0
DA:174,0
DA:185,0
DA:186,0
DA:187,0
DA:190,0
DA:191,0
DA:205,0
DA:206,0
DA:207,0
DA:221,0
DA:222,0
DA:236,0
DA:241,0
DA:247,0
DA:249,0
DA:259,0
DA:267,0
DA:272,0
DA:274,0
DA:279,0
DA:280,0
DA:286,0
DA:297,0
DA:298,0
DA:299,0
DA:300,0
DA:313,0
DA:317,0
DA:332,0
DA:336,0
DA:337,0
DA:338,0
DA:339,0
DA:344,0
DA:355,0
DA:356,0
DA:357,0
DA:358,0
DA:371,0
DA:373,0
DA:382,0
DA:391,0
DA:396,0
DA:397,0
DA:400,0
DA:401,0
DA:415,0
DA:416,0
DA:417,0
DA:431,0
DA:432,0
DA:446,0
DA:451,0
DA:453,0
DA:463,0
DA:472,0
DA:477,0
DA:478,0
DA:481,0
DA:488,0
DA:503,0
DA:504,0
DA:505,0
DA:519,0
DA:520,0
DA:534,0
DA:539,0
DA:541,0
DA:551,0
DA:555,0
DA:560,0
DA:561,0
DA:564,0
DA:565,0
DA:579,0
DA:580,0
DA:581,0
DA:595,0
DA:596,0
DA:610,0
DA:615,0
DA:621,0
DA:623,0
DA:633,0
DA:641,0
DA:646,0
DA:647,0
DA:648,0
DA:649,0
DA:652,0
DA:654,0
DA:662,0
DA:670,0
DA:675,0
DA:676,0
DA:677,0
DA:679,0
DA:680,0
DA:687,0
DA:688,0
DA:697,0
DA:699,0
DA:701,0
DA:709,0
DA:717,0
DA:722,0
DA:723,0
DA:724,0
DA:727,0
DA:729,0
DA:735,0
DA:743,0
DA:753,0
DA:755,0
DA:760,0
DA:761,0
DA:762,0
DA:764,0
DA:774,0
DA:776,0
DA:777,0
DA:778,0
DA:779,0
DA:780,0
DA:782,0
DA:791,0
DA:793,0
DA:794,0
DA:795,0
DA:796,0
DA:797,0
DA:799,0
DA:810,0
DA:815,0
DA:816,0
DA:819,0
DA:820,0
DA:834,0
DA:835,0
DA:836,0
DA:850,0
DA:855,0
DA:857,0
DA:866,0
DA:878,0
DA:883,0
DA:884,0
DA:887,0
DA:888,0
DA:902,0
DA:903,0
DA:917,0
DA:922,0
DA:924,0
DA:933,0
LF:191
LH:0
BRDA:27,0,0,0
BRDA:27,0,1,0
BRDA:44,1,0,0
BRDA:44,1,1,0
BRDA:44,1,2,0
BRDA:45,2,0,0
BRDA:45,2,1,0
BRDA:48,3,0,0
BRDA:48,3,1,0
BRDA:111,4,0,0
BRDA:111,4,1,0
BRDA:111,5,0,0
BRDA:111,5,1,0
BRDA:120,6,0,0
BRDA:120,6,1,0
BRDA:127,7,0,0
BRDA:127,7,1,0
BRDA:136,8,0,0
BRDA:136,8,1,0
BRDA:142,9,0,0
BRDA:142,9,1,0
BRDA:151,10,0,0
BRDA:151,10,1,0
BRDA:158,11,0,0
BRDA:158,11,1,0
BRDA:159,12,0,0
BRDA:159,12,1,0
BRDA:159,12,2,0
BRDA:170,13,0,0
BRDA:170,13,1,0
BRDA:190,14,0,0
BRDA:190,14,1,0
BRDA:190,15,0,0
BRDA:190,15,1,0
BRDA:199,16,0,0
BRDA:199,16,1,0
BRDA:206,17,0,0
BRDA:206,17,1,0
BRDA:215,18,0,0
BRDA:215,18,1,0
BRDA:221,19,0,0
BRDA:221,19,1,0
BRDA:230,20,0,0
BRDA:230,20,1,0
BRDA:237,21,0,0
BRDA:237,21,1,0
BRDA:238,22,0,0
BRDA:238,22,1,0
BRDA:238,22,2,0
BRDA:255,23,0,0
BRDA:255,23,1,0
BRDA:275,24,0,0
BRDA:275,24,1,0
BRDA:276,25,0,0
BRDA:276,25,1,0
BRDA:276,25,2,0
BRDA:299,26,0,0
BRDA:299,26,1,0
BRDA:308,27,0,0
BRDA:308,27,1,0
BRDA:328,28,0,0
BRDA:328,28,1,0
BRDA:357,29,0,0
BRDA:357,29,1,0
BRDA:366,30,0,0
BRDA:366,30,1,0
BRDA:378,31,0,0
BRDA:378,31,1,0
BRDA:400,32,0,0
BRDA:400,32,1,0
BRDA:400,33,0,0
BRDA:400,33,1,0
BRDA:400,33,2,0
BRDA:409,34,0,0
BRDA:409,34,1,0
BRDA:416,35,0,0
BRDA:416,35,1,0
BRDA:425,36,0,0
BRDA:425,36,1,0
BRDA:431,37,0,0
BRDA:431,37,1,0
BRDA:440,38,0,0
BRDA:440,38,1,0
BRDA:447,39,0,0
BRDA:447,39,1,0
BRDA:448,40,0,0
BRDA:448,40,1,0
BRDA:448,40,2,0
BRDA:459,41,0,0
BRDA:459,41,1,0
BRDA:481,42,0,0
BRDA:481,42,1,0
BRDA:482,43,0,0
BRDA:482,43,1,0
BRDA:482,43,2,0
BRDA:482,43,3,0
BRDA:482,43,4,0
BRDA:497,44,0,0
BRDA:497,44,1,0
BRDA:504,45,0,0
BRDA:504,45,1,0
BRDA:513,46,0,0
BRDA:513,46,1,0
BRDA:519,47,0,0
BRDA:519,47,1,0
BRDA:528,48,0,0
BRDA:528,48,1,0
BRDA:535,49,0,0
BRDA:535,49,1,0
BRDA:536,50,0,0
BRDA:536,50,1,0
BRDA:536,50,2,0
BRDA:547,51,0,0
BRDA:547,51,1,0
BRDA:564,52,0,0
BRDA:564,52,1,0
BRDA:564,53,0,0
BRDA:564,53,1,0
BRDA:573,54,0,0
BRDA:573,54,1,0
BRDA:580,55,0,0
BRDA:580,55,1,0
BRDA:589,56,0,0
BRDA:589,56,1,0
BRDA:595,57,0,0
BRDA:595,57,1,0
BRDA:604,58,0,0
BRDA:604,58,1,0
BRDA:611,59,0,0
BRDA:611,59,1,0
BRDA:612,60,0,0
BRDA:612,60,1,0
BRDA:612,60,2,0
BRDA:629,61,0,0
BRDA:629,61,1,0
BRDA:648,62,0,0
BRDA:648,62,1,0
BRDA:648,62,2,0
BRDA:649,63,0,0
BRDA:649,63,1,0
BRDA:679,64,0,0
BRDA:679,64,1,0
BRDA:687,65,0,0
BRDA:687,65,1,0
BRDA:697,66,0,0
BRDA:697,66,1,0
BRDA:737,67,0,0
BRDA:737,67,1,0
BRDA:755,68,0,0
BRDA:755,68,1,0
BRDA:756,69,0,0
BRDA:756,69,1,0
BRDA:756,69,2,0
BRDA:761,70,0,0
BRDA:761,70,1,0
BRDA:761,71,0,0
BRDA:761,71,1,0
BRDA:776,72,0,0
BRDA:776,72,1,0
BRDA:777,73,0,0
BRDA:777,73,1,0
BRDA:777,74,0,0
BRDA:777,74,1,0
BRDA:778,75,0,0
BRDA:778,75,1,0
BRDA:779,76,0,0
BRDA:779,76,1,0
BRDA:780,77,0,0
BRDA:780,77,1,0
BRDA:780,78,0,0
BRDA:780,78,1,0
BRDA:793,79,0,0
BRDA:793,79,1,0
BRDA:793,80,0,0
BRDA:793,80,1,0
BRDA:794,81,0,0
BRDA:794,81,1,0
BRDA:795,82,0,0
BRDA:795,82,1,0
BRDA:795,83,0,0
BRDA:795,83,1,0
BRDA:796,84,0,0
BRDA:796,84,1,0
BRDA:797,85,0,0
BRDA:797,85,1,0
BRDA:819,86,0,0
BRDA:819,86,1,0
BRDA:828,87,0,0
BRDA:828,87,1,0
BRDA:835,88,0,0
BRDA:835,88,1,0
BRDA:844,89,0,0
BRDA:844,89,1,0
BRDA:851,90,0,0
BRDA:851,90,1,0
BRDA:852,91,0,0
BRDA:852,91,1,0
BRDA:852,91,2,0
BRDA:862,92,0,0
BRDA:862,92,1,0
BRDA:887,93,0,0
BRDA:887,93,1,0
BRDA:887,94,0,0
BRDA:887,94,1,0
BRDA:896,95,0,0
BRDA:896,95,1,0
BRDA:902,96,0,0
BRDA:902,96,1,0
BRDA:911,97,0,0
BRDA:911,97,1,0
BRDA:918,98,0,0
BRDA:918,98,1,0
BRDA:919,99,0,0
BRDA:919,99,1,0
BRDA:919,99,2,0
BRDA:929,100,0,0
BRDA:929,100,1,0
BRF:217
BRH:0
end_of_record
TN:
SF:src/controllers/balance.controller.ts
FN:26,(anonymous_0)
FN:86,(anonymous_1)
FN:141,(anonymous_2)
FNF:3
FNH:1
FNDA:14,(anonymous_0)
FNDA:0,(anonymous_1)
FNDA:0,(anonymous_2)
DA:8,1
DA:9,1
DA:10,1
DA:11,1
DA:12,1
DA:26,1
DA:31,14
DA:33,14
DA:34,1
DA:37,13
DA:38,13
DA:41,13
DA:42,5
DA:44,5
DA:45,2
DA:51,3
DA:53,3
DA:59,8
DA:61,6
DA:65,5
DA:86,1
DA:91,0
DA:93,0
DA:94,0
DA:97,0
DA:100,0
DA:101,0
DA:102,0
DA:103,0
DA:104,0
DA:105,0
DA:108,0
DA:109,0
DA:115,0
DA:116,0
DA:122,0
DA:123,0
DA:126,0
DA:127,0
DA:131,0
DA:141,0
DA:152,0
DA:160,0
LF:43
LH:21
BRDA:33,0,0,1
BRDA:33,0,1,13
BRDA:41,1,0,5
BRDA:41,1,1,8
BRDA:42,2,0,4
BRDA:42,2,1,1
BRDA:44,3,0,2
BRDA:44,3,1,3
BRDA:93,4,0,0
BRDA:93,4,1,0
BRDA:104,5,0,0
BRDA:104,5,1,0
BRDA:105,6,0,0
BRDA:105,6,1,0
BRDA:108,7,0,0
BRDA:108,7,1,0
BRDA:108,8,0,0
BRDA:108,8,1,0
BRDA:115,9,0,0
BRDA:115,9,1,0
BRDA:115,10,0,0
BRDA:115,10,1,0
BRDA:122,11,0,0
BRDA:122,11,1,0
BRDA:126,12,0,0
BRDA:126,12,1,0
BRF:26
BRH:8
end_of_record
TN:
SF:src/controllers/escrow-balance.controller.ts
FN:10,(anonymous_1)
FNF:1
FNH:1
FNDA:7,(anonymous_1)
DA:2,1
DA:3,1
DA:4,1
DA:10,1
DA:15,7
DA:16,7
DA:18,7
DA:19,3
DA:25,4
DA:27,4
DA:29,4
DA:31,4
DA:32,1
DA:37,3
DA:38,3
DA:46,2
DA:48,1
DA:49,0
DA:56,1
DA:62,5
LF:20
LH:19
BRDA:18,0,0,3
BRDA:18,0,1,4
BRDA:29,1,0,4
BRDA:29,1,1,0
BRDA:31,2,0,1
BRDA:31,2,1,3
BRDA:48,3,0,0
BRDA:48,3,1,1
BRDA:48,4,0,1
BRDA:48,4,1,0
BRDA:50,5,0,0
BRDA:50,5,1,0
BRF:12
BRH:7
end_of_record
TN:
SF:src/controllers/escrow-init.controller.ts
FN:6,(anonymous_1)
FNF:1
FNH:0
FNDA:0,(anonymous_1)
DA:2,1
DA:3,1
DA:4,1
DA:6,1
DA:7,0
DA:8,0
DA:10,0
DA:12,0
DA:15,0
DA:17,0
DA:18,0
DA:20,0
DA:21,0
DA:24,0
DA:25,0
DA:31,0
DA:33,0
DA:35,0
DA:37,0
DA:41,0
LF:20
LH:4
BRDA:10,0,0,0
BRDA:10,0,1,0
BRDA:18,1,0,0
BRDA:18,1,1,0
BRDA:20,2,0,0
BRDA:20,2,1,0
BRDA:33,3,0,0
BRDA:33,3,1,0
BRDA:33,4,0,0
BRDA:33,4,1,0
BRDA:35,5,0,0
BRDA:35,5,1,0
BRF:12
BRH:0
end_of_record
TN:
SF:src/controllers/escrow-query.controller.ts
FN:6,(anonymous_1)
FNF:1
FNH:1
FNDA:5,(anonymous_1)
DA:2,1
DA:3,1
DA:4,1
DA:6,1
DA:7,5
DA:8,5
DA:10,5
DA:11,2
DA:14,3
DA:16,3
DA:17,3
DA:19,3
DA:20,1
DA:23,2
DA:24,2
DA:32,1
DA:34,1
DA:35,1
DA:42,0
DA:46,4
LF:20
LH:19
BRDA:10,0,0,2
BRDA:10,0,1,3
BRDA:17,1,0,3
BRDA:17,1,1,0
BRDA:19,2,0,1
BRDA:19,2,1,2
BRDA:34,3,0,1
BRDA:34,3,1,0
BRDA:34,4,0,1
BRDA:34,4,1,1
BRDA:36,5,0,1
BRDA:36,5,1,0
BRF:12
BRH:9
end_of_record
TN:
SF:src/controllers/oauth.controller.ts
FN:17,validateRedirectUrl
FN:41,(anonymous_1)
FN:73,initiateOAuth
FN:127,handleOAuthCallback
FN:262,linkOAuthAccount
FN:322,unlinkOAuthAccount
FN:365,getLinkedAccounts
FN:400,(anonymous_7)
FNF:8
FNH:0
FNDA:0,validateRedirectUrl
FNDA:0,(anonymous_1)
FNDA:0,initiateOAuth
FNDA:0,handleOAuthCallback
FNDA:0,linkOAuthAccount
FNDA:0,unlinkOAuthAccount
FNDA:0,getLinkedAccounts
FNDA:0,(anonymous_7)
DA:7,0
DA:8,0
DA:9,0
DA:10,0
DA:11,0
DA:12,0
DA:18,0
DA:19,0
DA:22,0
DA:23,0
DA:26,0
DA:27,0
DA:28,0
DA:32,0
DA:38,0
DA:41,0
DA:43,0
DA:45,0
DA:46,0
DA:47,0
DA:49,0
DA:52,0
DA:53,0
DA:54,0
DA:58,0
DA:59,0
DA:60,0
DA:63,0
DA:65,0
DA:66,0
DA:73,0
DA:78,0
DA:79,0
DA:80,0
DA:83,0
DA:84,0
DA:87,0
DA:90,0
DA:92,0
DA:103,0
DA:104,0
DA:108,0
DA:116,0
DA:117,0
DA:118,0
DA:120,0
DA:127,0
DA:132,0
DA:133,0
DA:134,0
DA:137,0
DA:138,0
DA:150,0
DA:153,0
DA:154,0
DA:165,0
DA:169,0
DA:170,0
DA:172,0
DA:173,0
DA:176,0
DA:185,0
DA:186,0
DA:190,0
DA:195,0
DA:198,0
DA:199,0
DA:205,0
DA:208,0
DA:216,0
DA:225,0
DA:226,0
DA:230,0
DA:233,0
DA:236,0
DA:244,0
DA:253,0
DA:255,0
DA:262,0
DA:267,0
DA:268,0
DA:269,0
DA:271,0
DA:272,0
DA:283,0
DA:286,0
DA:288,0
DA:289,0
DA:300,0
DA:303,0
DA:304,0
DA:306,0
DA:315,0
DA:322,0
DA:327,0
DA:328,0
DA:329,0
DA:331,0
DA:332,0
DA:343,0
DA:346,0
DA:347,0
DA:349,0
DA:358,0
DA:365,0
DA:370,0
DA:371,0
DA:373,0
DA:374,0
DA:385,0
DA:388,0
DA:393,0
DA:394,0
DA:397,0
DA:400,0
DA:414,0
LF:116
LH:0
BRDA:18,0,0,0
BRDA:18,0,1,0
BRDA:19,1,0,0
BRDA:19,1,1,0
BRDA:26,2,0,0
BRDA:26,2,1,0
BRDA:28,3,0,0
BRDA:28,3,1,0
BRDA:35,4,0,0
BRDA:35,4,1,0
BRDA:43,5,0,0
BRDA:43,5,1,0
BRDA:45,6,0,0
BRDA:45,6,1,0
BRDA:52,7,0,0
BRDA:52,7,1,0
BRDA:54,8,0,0
BRDA:54,8,1,0
BRDA:58,9,0,0
BRDA:58,9,1,0
BRDA:58,10,0,0
BRDA:58,10,1,0
BRDA:60,11,0,0
BRDA:60,11,1,0
BRDA:66,12,0,0
BRDA:66,12,1,0
BRDA:97,13,0,0
BRDA:97,13,1,0
BRDA:103,14,0,0
BRDA:103,14,1,0
BRDA:137,15,0,0
BRDA:137,15,1,0
BRDA:147,16,0,0
BRDA:147,16,1,0
BRDA:153,17,0,0
BRDA:153,17,1,0
BRDA:153,18,0,0
BRDA:153,18,1,0
BRDA:162,19,0,0
BRDA:162,19,1,0
BRDA:172,20,0,0
BRDA:172,20,1,0
BRDA:185,21,0,0
BRDA:185,21,1,0
BRDA:185,22,0,0
BRDA:185,22,1,0
BRDA:198,23,0,0
BRDA:198,23,1,0
BRDA:198,24,0,0
BRDA:198,24,1,0
BRDA:205,25,0,0
BRDA:205,25,1,0
BRDA:205,25,2,0
BRDA:233,26,0,0
BRDA:233,26,1,0
BRDA:233,26,2,0
BRDA:271,27,0,0
BRDA:271,27,1,0
BRDA:280,28,0,0
BRDA:280,28,1,0
BRDA:288,29,0,0
BRDA:288,29,1,0
BRDA:297,30,0,0
BRDA:297,30,1,0
BRDA:311,31,0,0
BRDA:311,31,1,0
BRDA:331,32,0,0
BRDA:331,32,1,0
BRDA:340,33,0,0
BRDA:340,33,1,0
BRDA:354,34,0,0
BRDA:354,34,1,0
BRDA:373,35,0,0
BRDA:373,35,1,0
BRDA:382,36,0,0
BRDA:382,36,1,0
BRDA:393,37,0,0
BRDA:393,37,1,0
BRDA:400,38,0,0
BRDA:400,38,1,0
BRDA:406,39,0,0
BRDA:406,39,1,0
BRDA:410,40,0,0
BRDA:410,40,1,0
BRF:84
BRH:0
end_of_record
TN:
SF:src/controllers/profile.controller.ts
FN:19,(anonymous_0)
FN:67,(anonymous_1)
FN:115,(anonymous_2)
FNF:3
FNH:3
FNDA:4,(anonymous_0)
FNDA:8,(anonymous_1)
FNDA:8,(anonymous_2)
DA:8,1
DA:9,1
DA:10,1
DA:11,1
DA:16,1
DA:19,1
DA:24,4
DA:26,4
DA:27,0
DA:30,4
DA:32,4
DA:33,1
DA:40,3
DA:43,3
DA:54,2
DA:58,2
DA:67,1
DA:72,8
DA:73,8
DA:76,8
DA:77,1
DA:81,7
DA:84,7
DA:85,7
DA:89,0
DA:92,0
DA:93,0
DA:97,0
DA:102,8
DA:103,0
DA:106,8
DA:115,1
DA:120,8
DA:121,8
DA:122,8
DA:124,8
DA:125,1
DA:128,7
DA:129,7
DA:133,0
DA:134,0
DA:138,0
DA:139,0
DA:141,0
DA:142,0
DA:146,0
DA:148,0
DA:153,8
DA:154,0
DA:157,8
LF:50
LH:35
BRDA:26,0,0,0
BRDA:26,0,1,4
BRDA:32,1,0,1
BRDA:32,1,1,3
BRDA:76,2,0,1
BRDA:76,2,1,7
BRDA:81,3,0,1
BRDA:81,3,1,6
BRDA:84,4,0,7
BRDA:84,4,1,0
BRDA:92,5,0,0
BRDA:92,5,1,0
BRDA:102,6,0,0
BRDA:102,6,1,8
BRDA:102,7,0,8
BRDA:102,7,1,0
BRDA:122,8,0,0
BRDA:122,8,1,8
BRDA:124,9,0,1
BRDA:124,9,1,7
BRDA:128,10,0,7
BRDA:128,10,1,0
BRDA:133,11,0,0
BRDA:133,11,1,0
BRDA:133,12,0,0
BRDA:133,12,1,0
BRDA:141,13,0,0
BRDA:141,13,1,0
BRDA:153,14,0,0
BRDA:153,14,1,8
BRDA:153,15,0,8
BRDA:153,15,1,0
BRF:32
BRH:16
end_of_record
TN:
SF:src/controllers/project.controller.ts
FN:35,(anonymous_0)
FN:71,(anonymous_1)
FN:90,(anonymous_2)
FN:123,(anonymous_3)
FN:190,(anonymous_4)
FN:215,(anonymous_5)
FN:235,(anonymous_6)
FN:265,(anonymous_7)
FN:308,(anonymous_8)
FN:350,(anonymous_9)
FNF:10
FNH:1
FNDA:0,(anonymous_0)
FNDA:0,(anonymous_1)
FNDA:0,(anonymous_2)
FNDA:0,(anonymous_3)
FNDA:0,(anonymous_4)
FNDA:0,(anonymous_5)
FNDA:0,(anonymous_6)
FNDA:0,(anonymous_7)
FNDA:0,(anonymous_8)
FNDA:17,(anonymous_9)
DA:7,1
DA:8,1
DA:15,1
DA:22,1
DA:27,1
DA:28,1
DA:33,1
DA:35,1
DA:40,0
DA:41,0
DA:42,0
DA:45,0
DA:46,0
DA:49,0
DA:50,0
DA:54,0
DA:56,0
DA:57,0
DA:61,0
DA:65,0
DA:67,0
DA:71,1
DA:72,0
DA:90,1
DA:95,0
DA:96,0
DA:97,0
DA:99,0
DA:100,0
DA:103,0
DA:104,0
DA:107,0
DA:109,0
DA:110,0
DA:113,0
DA:115,0
DA:119,0
DA:123,1
DA:128,0
DA:130,0
DA:131,0
DA:133,0
DA:134,0
DA:137,0
DA:138,0
DA:142,0
DA:146,0
DA:150,0
DA:151,0
DA:154,0
DA:155,0
DA:158,0
DA:159,0
DA:162,0
DA:163,0
DA:166,0
DA:171,0
DA:176,0
DA:186,0
DA:189,0
DA:191,0
DA:194,0
DA:207,0
DA:208,0
DA:210,0
DA:215,1
DA:220,0
DA:221,0
DA:222,0
DA:223,0
DA:227,0
DA:228,0
DA:230,0
DA:235,1
DA:240,0
DA:241,0
DA:243,0
DA:244,0
DA:247,0
DA:249,0
DA:250,0
DA:253,0
DA:257,0
DA:258,0
DA:260,0
DA:265,1
DA:270,0
DA:271,0
DA:272,0
DA:273,0
DA:275,0
DA:276,0
DA:279,0
DA:280,0
DA:283,0
DA:285,0
DA:286,0
DA:291,0
DA:300,0
DA:301,0
DA:303,0
DA:308,1
DA:313,0
DA:314,0
DA:315,0
DA:317,0
DA:318,0
DA:321,0
DA:322,0
DA:325,0
DA:327,0
DA:328,0
DA:333,0
DA:342,0
DA:343,0
DA:345,0
DA:350,1
DA:355,17
DA:356,17
DA:357,17
DA:360,17
DA:361,2
DA:367,15
DA:368,2
DA:372,13
DA:375,12
DA:376,2
DA:385,10
DA:392,5
DA:393,0
DA:395,5
LF:131
LH:29
BRDA:42,0,0,0
BRDA:42,0,1,0
BRDA:45,1,0,0
BRDA:45,1,1,0
BRDA:49,2,0,0
BRDA:49,2,1,0
BRDA:56,3,0,0
BRDA:56,3,1,0
BRDA:79,4,0,0
BRDA:79,4,1,0
BRDA:80,5,0,0
BRDA:80,5,1,0
BRDA:82,6,0,0
BRDA:82,6,1,0
BRDA:99,7,0,0
BRDA:99,7,1,0
BRDA:103,8,0,0
BRDA:103,8,1,0
BRDA:109,9,0,0
BRDA:109,9,1,0
BRDA:130,10,0,0
BRDA:130,10,1,0
BRDA:131,11,0,0
BRDA:131,11,1,0
BRDA:133,12,0,0
BRDA:133,12,1,0
BRDA:133,13,0,0
BRDA:133,13,1,0
BRDA:137,14,0,0
BRDA:137,14,1,0
BRDA:137,15,0,0
BRDA:137,15,1,0
BRDA:142,16,0,0
BRDA:142,16,1,0
BRDA:146,17,0,0
BRDA:146,17,1,0
BRDA:150,18,0,0
BRDA:150,18,1,0
BRDA:150,19,0,0
BRDA:150,19,1,0
BRDA:154,20,0,0
BRDA:154,20,1,0
BRDA:154,21,0,0
BRDA:154,21,1,0
BRDA:158,22,0,0
BRDA:158,22,1,0
BRDA:158,23,0,0
BRDA:158,23,1,0
BRDA:162,24,0,0
BRDA:162,24,1,0
BRDA:162,25,0,0
BRDA:162,25,1,0
BRDA:166,26,0,0
BRDA:166,26,1,0
BRDA:167,27,0,0
BRDA:167,27,1,0
BRDA:167,27,2,0
BRDA:207,28,0,0
BRDA:207,28,1,0
BRDA:227,29,0,0
BRDA:227,29,1,0
BRDA:243,30,0,0
BRDA:243,30,1,0
BRDA:249,31,0,0
BRDA:249,31,1,0
BRDA:257,32,0,0
BRDA:257,32,1,0
BRDA:275,33,0,0
BRDA:275,33,1,0
BRDA:279,34,0,0
BRDA:279,34,1,0
BRDA:285,35,0,0
BRDA:285,35,1,0
BRDA:288,36,0,0
BRDA:288,36,1,0
BRDA:296,37,0,0
BRDA:296,37,1,0
BRDA:300,38,0,0
BRDA:300,38,1,0
BRDA:317,39,0,0
BRDA:317,39,1,0
BRDA:321,40,0,0
BRDA:321,40,1,0
BRDA:327,41,0,0
BRDA:327,41,1,0
BRDA:330,42,0,0
BRDA:330,42,1,0
BRDA:338,43,0,0
BRDA:338,43,1,0
BRDA:342,44,0,0
BRDA:342,44,1,0
BRDA:360,45,0,2
BRDA:360,45,1,15
BRDA:360,46,0,17
BRDA:360,46,1,16
BRDA:367,47,0,2
BRDA:367,47,1,13
BRDA:367,48,0,15
BRDA:367,48,1,14
BRDA:375,49,0,2
BRDA:375,49,1,10
BRDA:381,50,0,2
BRDA:381,50,1,0
BRDA:388,51,0,10
BRDA:388,51,1,0
BRDA:392,52,0,0
BRDA:392,52,1,5
BRF:107
BRH:13
end_of_record
TN:
SF:src/controllers/role.controller.ts
FN:31,(anonymous_0)
FN:93,(anonymous_1)
FNF:2
FNH:2
FNDA:7,(anonymous_0)
FNDA:7,(anonymous_1)
DA:8,1
DA:9,1
DA:15,1
DA:16,1
DA:31,1
DA:36,7
DA:37,7
DA:38,7
DA:41,7
DA:42,1
DA:46,6
DA:47,1
DA:51,5
DA:52,1
DA:56,4
DA:57,1
DA:64,3
DA:67,1
DA:76,6
DA:93,1
DA:98,7
DA:99,7
DA:100,7
DA:103,7
DA:104,1
DA:108,6
DA:109,1
DA:113,5
DA:114,1
DA:118,4
DA:119,1
DA:126,3
DA:129,1
DA:138,6
LF:34
LH:34
BRDA:41,0,0,1
BRDA:41,0,1,6
BRDA:46,1,0,1
BRDA:46,1,1,5
BRDA:51,2,0,1
BRDA:51,2,1,4
BRDA:56,3,0,1
BRDA:56,3,1,3
BRDA:103,4,0,1
BRDA:103,4,1,6
BRDA:108,5,0,1
BRDA:108,5,1,5
BRDA:113,6,0,1
BRDA:113,6,1,4
BRDA:118,7,0,1
BRDA:118,7,1,3
BRF:16
BRH:16
end_of_record
TN:
SF:src/controllers/task.controller.ts
FN:59,recordTaskOutcome
FN:80,(anonymous_1)
FN:116,getTaskRecordByProject
FN:170,getClientTaskRecords
FN:229,getFreelancerTaskRecords
FNF:5
FNH:0
FNDA:0,recordTaskOutcome
FNDA:0,(anonymous_1)
FNDA:0,getTaskRecordByProject
FNDA:0,getClientTaskRecords
FNDA:0,getFreelancerTaskRecords
DA:7,0
DA:10,0
DA:11,0
DA:17,0
DA:18,0
DA:59,0
DA:64,0
DA:65,0
DA:68,0
DA:69,0
DA:72,0
DA:73,0
DA:76,0
DA:78,0
DA:79,0
DA:80,0
DA:83,0
DA:87,0
DA:93,0
DA:105,0
DA:116,0
DA:121,0
DA:122,0
DA:124,0
DA:125,0
DA:128,0
DA:130,0
DA:131,0
DA:134,0
DA:136,0
DA:137,0
DA:147,0
DA:159,0
DA:170,0
DA:175,0
DA:176,0
DA:178,0
DA:179,0
DA:182,0
DA:184,0
DA:185,0
DA:188,0
DA:189,0
DA:191,0
DA:195,0
DA:202,0
DA:215,0
DA:216,0
DA:218,0
DA:229,0
DA:234,0
DA:235,0
DA:237,0
DA:238,0
DA:241,0
DA:243,0
DA:245,0
DA:258,0
LF:58
LH:0
BRDA:68,0,0,0
BRDA:68,0,1,0
BRDA:78,1,0,0
BRDA:78,1,1,0
BRDA:101,2,0,0
BRDA:101,2,1,0
BRDA:124,3,0,0
BRDA:124,3,1,0
BRDA:130,4,0,0
BRDA:130,4,1,0
BRDA:136,5,0,0
BRDA:136,5,1,0
BRDA:142,6,0,0
BRDA:142,6,1,0
BRDA:155,7,0,0
BRDA:155,7,1,0
BRDA:178,8,0,0
BRDA:178,8,1,0
BRDA:184,9,0,0
BRDA:184,9,1,0
BRDA:188,10,0,0
BRDA:188,10,1,0
BRDA:189,11,0,0
BRDA:189,11,1,0
BRDA:191,12,0,0
BRDA:191,12,1,0
BRDA:208,13,0,0
BRDA:208,13,1,0
BRDA:210,14,0,0
BRDA:210,14,1,0
BRDA:215,15,0,0
BRDA:215,15,1,0
BRDA:215,16,0,0
BRDA:215,16,1,0
BRDA:237,17,0,0
BRDA:237,17,1,0
BRDA:254,18,0,0
BRDA:254,18,1,0
BRF:38
BRH:0
end_of_record
TN:
SF:src/controllers/transaction.controller.ts
FN:38,(anonymous_1)
FNF:1
FNH:1
FNDA:7,(anonymous_1)
DA:7,1
DA:8,1
DA:9,1
DA:38,1
DA:43,7
DA:45,7
DA:47,7
DA:48,1
DA:58,6
DA:59,2
DA:70,4
DA:71,4
DA:73,4
DA:74,1
DA:78,3
DA:79,3
DA:85,1
DA:88,1
DA:90,1
DA:95,2
DA:96,1
DA:103,1
DA:110,6
LF:23
LH:23
BRDA:47,0,0,1
BRDA:47,0,1,6
BRDA:58,1,0,2
BRDA:58,1,1,4
BRDA:58,2,0,6
BRDA:58,2,1,5
BRDA:71,3,0,4
BRDA:71,3,1,0
BRDA:73,4,0,1
BRDA:73,4,1,3
BRDA:95,5,0,1
BRDA:95,5,1,1
BRDA:95,6,0,2
BRDA:95,6,1,1
BRDA:97,7,0,1
BRDA:97,7,1,0
BRF:16
BRH:14
end_of_record
TN:
SF:src/controllers/wallet.controller.ts
FN:36,getWalletByIdHandler
FN:65,(anonymous_1)
FN:150,disconnectWallet
FN:190,getWalletsHandler
FN:203,(anonymous_4)
FN:213,(anonymous_5)
FN:233,setPrimaryWallet
FNF:7
FNH:4
FNDA:0,getWalletByIdHandler
FNDA:16,(anonymous_1)
FNDA:0,disconnectWallet
FNDA:2,getWalletsHandler
FNDA:3,(anonymous_4)
FNDA:4,(anonymous_5)
FNDA:0,setPrimaryWallet
DA:8,2
DA:15,2
DA:22,2
DA:27,2
DA:36,2
DA:41,0
DA:42,0
DA:43,0
DA:44,0
DA:47,0
DA:48,0
DA:49,0
DA:52,0
DA:53,0
DA:57,0
DA:65,2
DA:70,16
DA:71,16
DA:74,16
DA:75,2
DA:79,14
DA:84,2
DA:91,12
DA:92,1
DA:96,11
DA:97,0
DA:100,11
DA:103,11
DA:106,9
DA:121,7
DA:123,7
DA:124,1
DA:131,6
DA:135,0
DA:136,0
DA:139,0
DA:150,2
DA:155,0
DA:156,0
DA:157,0
DA:160,0
DA:161,0
DA:165,0
DA:166,0
DA:170,0
DA:172,0
DA:178,0
DA:190,2
DA:195,2
DA:196,2
DA:197,2
DA:198,1
DA:201,1
DA:203,3
DA:213,1
DA:214,4
DA:215,2
DA:217,2
DA:220,1
DA:222,1
DA:233,2
DA:238,0
DA:239,0
DA:240,0
DA:243,0
DA:244,0
DA:248,0
DA:249,0
DA:253,0
DA:256,0
DA:270,0
LF:71
LH:37
BRDA:43,0,0,0
BRDA:43,0,1,0
BRDA:48,1,0,0
BRDA:48,1,1,0
BRDA:48,2,0,0
BRDA:48,2,1,0
BRDA:74,3,0,2
BRDA:74,3,1,14
BRDA:74,4,0,16
BRDA:74,4,1,15
BRDA:79,5,0,2
BRDA:79,5,1,12
BRDA:80,6,0,14
BRDA:80,6,1,14
BRDA:80,6,2,13
BRDA:91,7,0,1
BRDA:91,7,1,11
BRDA:96,8,0,0
BRDA:96,8,1,11
BRDA:96,9,0,11
BRDA:96,9,1,11
BRDA:121,10,0,7
BRDA:121,10,1,0
BRDA:123,11,0,1
BRDA:123,11,1,6
BRDA:135,12,0,0
BRDA:135,12,1,0
BRDA:135,13,0,0
BRDA:135,13,1,0
BRDA:160,14,0,0
BRDA:160,14,1,0
BRDA:165,15,0,0
BRDA:165,15,1,0
BRDA:165,16,0,0
BRDA:165,16,1,0
BRDA:197,17,0,1
BRDA:197,17,1,1
BRDA:203,18,0,1
BRDA:203,18,1,0
BRDA:207,19,0,1
BRDA:207,19,1,2
BRDA:207,20,0,2
BRDA:207,20,1,0
BRDA:208,21,0,3
BRDA:208,21,1,0
BRDA:214,22,0,2
BRDA:214,22,1,2
BRDA:217,23,0,0
BRDA:217,23,1,2
BRDA:243,24,0,0
BRDA:243,24,1,0
BRDA:248,25,0,0
BRDA:248,25,1,0
BRDA:248,26,0,0
BRDA:248,26,1,0
BRF:55
BRH:27
end_of_record
TN:
SF:src/lib/airtm.client.ts
FN:15,(anonymous_0)
FNF:1
FNH:0
FNDA:0,(anonymous_0)
DA:5,1
DA:9,1
DA:16,0
DA:24,0
DA:25,0
DA:28,0
DA:30,0
DA:35,1
LF:8
LH:3
BRDA:24,0,0,0
BRDA:24,0,1,0
BRDA:24,1,0,0
BRDA:24,1,1,0
BRF:4
BRH:0
end_of_record
TN:
SF:src/lib/supabase/supabase.ts
FN:8,createSupabaseClient
FNF:1
FNH:1
FNDA:5,createSupabaseClient
DA:1,5
DA:9,5
DA:10,5
DA:12,5
DA:13,0
DA:19,5
DA:20,0
DA:27,5
DA:28,5
DA:30,0
DA:36,5
DA:45,5
LF:12
LH:9
BRDA:12,0,0,0
BRDA:12,0,1,5
BRDA:19,1,0,0
BRDA:19,1,1,5
BRF:4
BRH:2
end_of_record
TN:
SF:src/middlewares/auth.middleware.ts
FN:24,(anonymous_0)
FN:49,(anonymous_1)
FN:50,(anonymous_2)
FN:268,authorizeRoles
FN:269,(anonymous_4)
FN:321,setSecurityHeaders
FN:359,logAuthAttempt
FN:413,validateToken
FN:489,(anonymous_8)
FN:521,(anonymous_9)
FNF:10
FNH:0
FNDA:0,(anonymous_0)
FNDA:0,(anonymous_1)
FNDA:0,(anonymous_2)
FNDA:0,authorizeRoles
FNDA:0,(anonymous_4)
FNDA:0,setSecurityHeaders
FNDA:0,logAuthAttempt
FNDA:0,validateToken
FNDA:0,(anonymous_8)
FNDA:0,(anonymous_9)
DA:1,0
DA:2,0
DA:3,0
DA:21,0
DA:22,0
DA:24,0
DA:49,0
DA:50,0
DA:55,0
DA:56,0
DA:57,0
DA:60,0
DA:70,0
DA:72,0
DA:73,0
DA:74,0
DA:75,0
DA:79,0
DA:83,0
DA:84,0
DA:85,0
DA:88,0
DA:89,0
DA:95,0
DA:102,0
DA:103,0
DA:109,0
DA:113,0
DA:114,0
DA:124,0
DA:129,0
DA:130,0
DA:132,0
DA:138,0
DA:142,0
DA:143,0
DA:149,0
DA:150,0
DA:157,0
DA:161,0
DA:162,0
DA:165,0
DA:181,0
DA:182,0
DA:189,0
DA:190,0
DA:191,0
DA:194,0
DA:195,0
DA:207,0
DA:209,0
DA:211,0
DA:212,0
DA:218,0
DA:238,0
DA:268,0
DA:269,0
DA:270,0
DA:272,0
DA:273,0
DA:276,0
DA:278,0
DA:279,0
DA:294,0
DA:300,0
DA:322,0
DA:324,0
DA:325,0
DA:326,0
DA:327,0
DA:328,0
DA:360,0
DA:362,0
DA:365,0
DA:373,0
DA:413,0
DA:414,0
DA:415,0
DA:416,0
DA:424,0
DA:425,0
DA:427,0
DA:428,0
DA:436,0
DA:438,0
DA:445,0
DA:489,0
DA:494,0
DA:496,0
DA:497,0
DA:500,0
DA:502,0
DA:503,0
DA:507,0
DA:514,0
DA:515,0
DA:521,0
DA:525,0
DA:526,0
DA:527,0
DA:528,0
DA:531,0
DA:532,0
DA:533,0
DA:534,0
DA:540,0
DA:541,0
DA:543,0
DA:544,0
DA:545,0
DA:546,0
DA:548,0
DA:551,0
DA:553,0
DA:555,0
DA:556,0
DA:557,0
DA:558,0
DA:560,0
DA:563,0
DA:567,0
DA:569,0
DA:571,0
DA:573,0
DA:576,0
DA:579,0
DA:580,0
DA:588,0
DA:589,0
DA:591,0
DA:598,0
DA:601,0
DA:602,0
DA:604,0
DA:605,0
DA:608,0
LF:136
LH:0
BRDA:49,0,0,0
BRDA:62,1,0,0
BRDA:62,1,1,0
BRDA:62,1,2,0
BRDA:63,2,0,0
BRDA:63,2,1,0
BRDA:72,3,0,0
BRDA:72,3,1,0
BRDA:84,4,0,0
BRDA:84,4,1,0
BRDA:84,5,0,0
BRDA:84,5,1,0
BRDA:88,6,0,0
BRDA:88,6,1,0
BRDA:96,7,0,0
BRDA:96,7,1,0
BRDA:102,8,0,0
BRDA:102,8,1,0
BRDA:113,9,0,0
BRDA:113,9,1,0
BRDA:142,10,0,0
BRDA:142,10,1,0
BRDA:149,11,0,0
BRDA:149,11,1,0
BRDA:149,12,0,0
BRDA:149,12,1,0
BRDA:167,13,0,0
BRDA:167,13,1,0
BRDA:168,14,0,0
BRDA:168,14,1,0
BRDA:170,15,0,0
BRDA:170,15,1,0
BRDA:171,16,0,0
BRDA:171,16,1,0
BRDA:173,17,0,0
BRDA:173,17,1,0
BRDA:174,18,0,0
BRDA:174,18,1,0
BRDA:175,19,0,0
BRDA:175,19,1,0
BRDA:184,20,0,0
BRDA:184,20,1,0
BRDA:194,21,0,0
BRDA:194,21,1,0
BRDA:215,22,0,0
BRDA:215,22,1,0
BRDA:272,23,0,0
BRDA:272,23,1,0
BRDA:276,24,0,0
BRDA:276,24,1,0
BRDA:278,25,0,0
BRDA:278,25,1,0
BRDA:280,26,0,0
BRDA:280,26,1,0
BRDA:281,27,0,0
BRDA:281,27,1,0
BRDA:282,28,0,0
BRDA:282,28,1,0
BRDA:360,29,0,0
BRDA:360,29,1,0
BRDA:415,30,0,0
BRDA:415,30,1,0
BRDA:427,31,0,0
BRDA:427,31,1,0
BRDA:449,32,0,0
BRDA:449,32,1,0
BRDA:496,33,0,0
BRDA:496,33,1,0
BRDA:514,34,0,0
BRDA:514,34,1,0
BRDA:514,35,0,0
BRDA:514,35,1,0
BRDA:514,35,2,0
BRDA:525,36,0,0
BRDA:525,36,1,0
BRDA:527,37,0,0
BRDA:527,37,1,0
BRDA:531,38,0,0
BRDA:531,38,1,0
BRDA:533,39,0,0
BRDA:533,39,1,0
BRDA:533,40,0,0
BRDA:533,40,1,0
BRDA:540,41,0,0
BRDA:540,41,1,0
BRDA:545,42,0,0
BRDA:545,42,1,0
BRDA:545,43,0,0
BRDA:545,43,1,0
BRDA:553,44,0,0
BRDA:553,44,1,0
BRDA:553,45,0,0
BRDA:553,45,1,0
BRDA:557,46,0,0
BRDA:557,46,1,0
BRDA:557,47,0,0
BRDA:557,47,1,0
BRDA:569,48,0,0
BRDA:569,48,1,0
BRDA:569,49,0,0
BRDA:569,49,1,0
BRDA:579,50,0,0
BRDA:579,50,1,0
BRDA:589,51,0,0
BRDA:589,51,1,0
BRDA:604,52,0,0
BRDA:604,52,1,0
BRF:107
BRH:0
end_of_record
TN:
SF:src/middlewares/errorHandler.middleware.ts
FN:9,(anonymous_0)
FN:11,(anonymous_1)
FN:19,(anonymous_2)
FN:102,(anonymous_3)
FN:110,(anonymous_4)
FN:173,(anonymous_5)
FN:227,(anonymous_6)
FN:232,(anonymous_7)
FN:247,(anonymous_8)
FN:262,(anonymous_9)
FN:282,(anonymous_10)
FN:292,(anonymous_11)
FN:293,(anonymous_12)
FN:297,(anonymous_13)
FNF:14
FNH:0
FNDA:0,(anonymous_0)
FNDA:0,(anonymous_1)
FNDA:0,(anonymous_2)
FNDA:0,(anonymous_3)
FNDA:0,(anonymous_4)
FNDA:0,(anonymous_5)
FNDA:0,(anonymous_6)
FNDA:0,(anonymous_7)
FNDA:0,(anonymous_8)
FNDA:0,(anonymous_9)
FNDA:0,(anonymous_10)
FNDA:0,(anonymous_11)
FNDA:0,(anonymous_12)
FNDA:0,(anonymous_13)
DA:2,0
DA:3,0
DA:6,0
DA:12,0
DA:13,0
DA:15,0
DA:25,0
DA:26,0
DA:27,0
DA:28,0
DA:29,0
DA:32,0
DA:33,0
DA:34,0
DA:35,0
DA:36,0
DA:37,0
DA:38,0
DA:39,0
DA:40,0
DA:41,0
DA:42,0
DA:43,0
DA:44,0
DA:45,0
DA:47,0
DA:48,0
DA:49,0
DA:53,0
DA:67,0
DA:79,0
DA:98,0
DA:103,0
DA:104,0
DA:106,0
DA:111,0
DA:112,0
DA:114,0
DA:151,0
DA:153,0
DA:154,0
DA:156,0
DA:157,0
DA:159,0
DA:160,0
DA:162,0
DA:163,0
DA:167,0
DA:168,0
DA:174,0
DA:186,0
DA:199,0
DA:211,0
DA:219,0
DA:222,0
DA:228,0
DA:241,0
DA:242,0
DA:248,0
DA:249,0
DA:256,0
DA:257,0
DA:263,0
DA:264,0
DA:271,0
DA:279,0
DA:282,0
DA:288,0
DA:292,0
DA:293,0
DA:294,0
DA:297,0
DA:298,0
LF:73
LH:0
BRDA:12,0,0,0
BRDA:12,0,1,0
BRDA:32,1,0,0
BRDA:32,1,1,0
BRDA:38,2,0,0
BRDA:38,2,1,0
BRDA:42,3,0,0
BRDA:42,3,1,0
BRDA:57,4,0,0
BRDA:57,4,1,0
BRDA:75,5,0,0
BRDA:75,5,1,0
BRDA:88,6,0,0
BRDA:88,6,1,0
BRDA:89,7,0,0
BRDA:89,7,1,0
BRDA:103,8,0,0
BRDA:103,8,1,0
BRDA:111,9,0,0
BRDA:111,9,1,0
BRDA:117,10,0,0
BRDA:117,10,1,0
BRDA:119,11,0,0
BRDA:119,11,1,0
BRDA:123,12,0,0
BRDA:123,12,1,0
BRDA:126,13,0,0
BRDA:126,13,1,0
BRDA:138,14,0,0
BRDA:138,14,1,0
BRDA:138,15,0,0
BRDA:138,15,1,0
BRDA:144,16,0,0
BRDA:144,16,1,0
BRDA:145,17,0,0
BRDA:145,17,1,0
BRDA:151,18,0,0
BRDA:151,18,1,0
BRDA:151,18,2,0
BRDA:151,18,3,0
BRDA:167,19,0,0
BRDA:167,19,1,0
BRDA:174,20,0,0
BRDA:174,20,1,0
BRDA:174,20,2,0
BRDA:174,20,3,0
BRDA:174,20,4,0
BRDA:174,20,5,0
BRDA:174,20,6,0
BRDA:174,20,7,0
BRDA:174,20,8,0
BRDA:174,20,9,0
BRDA:174,20,10,0
BRDA:174,20,11,0
BRDA:174,20,12,0
BRDA:174,20,13,0
BRDA:174,20,14,0
BRDA:174,20,15,0
BRDA:174,20,16,0
BRDA:174,20,17,0
BRDA:174,20,18,0
BRDA:174,20,19,0
BRDA:174,20,20,0
BRDA:174,20,21,0
BRDA:174,20,22,0
BRDA:174,20,23,0
BRDA:174,20,24,0
BRDA:174,20,25,0
BRDA:174,20,26,0
BRDA:174,20,27,0
BRDA:174,20,28,0
BRDA:174,20,29,0
BRDA:174,20,30,0
BRDA:174,20,31,0
BRDA:174,20,32,0
BRDA:174,20,33,0
BRDA:174,20,34,0
BRDA:174,20,35,0
BRDA:174,20,36,0
BRDA:174,20,37,0
BRDA:174,20,38,0
BRDA:241,21,0,0
BRDA:241,21,1,0
BRDA:256,22,0,0
BRDA:256,22,1,0
BRDA:271,23,0,0
BRDA:271,23,1,0
BRF:87
BRH:0
end_of_record
TN:
SF:src/middlewares/logger.middleware.ts
FN:6,(anonymous_1)
FN:30,sanitizeData
FN:41,(anonymous_3)
FN:46,(anonymous_4)
FN:53,(anonymous_5)
FN:61,(anonymous_6)
FN:88,(anonymous_7)
FN:100,(anonymous_8)
FN:109,(anonymous_9)
FN:125,(anonymous_10)
FNF:10
FNH:0
FNDA:0,(anonymous_1)
FNDA:0,sanitizeData
FNDA:0,(anonymous_3)
FNDA:0,(anonymous_4)
FNDA:0,(anonymous_5)
FNDA:0,(anonymous_6)
FNDA:0,(anonymous_7)
FNDA:0,(anonymous_8)
FNDA:0,(anonymous_9)
FNDA:0,(anonymous_10)
DA:2,0
DA:3,0
DA:4,0
DA:6,0
DA:7,0
DA:8,0
DA:11,0
DA:12,0
DA:13,0
DA:14,0
DA:18,0
DA:22,0
DA:27,0
DA:28,0
DA:31,0
DA:32,0
DA:33,0
DA:35,0
DA:36,0
DA:38,0
DA:40,0
DA:41,0
DA:43,0
DA:44,0
DA:45,0
DA:46,0
DA:50,0
DA:53,0
DA:54,0
DA:55,0
DA:56,0
DA:57,0
DA:58,0
DA:61,0
DA:62,0
DA:68,0
DA:73,0
DA:83,0
DA:89,0
DA:100,0
DA:101,0
DA:102,0
DA:104,0
DA:109,0
DA:110,0
DA:111,0
DA:112,0
DA:114,0
DA:115,0
DA:116,0
DA:117,0
DA:118,0
DA:119,0
DA:122,0
DA:125,0
DA:126,0
DA:127,0
DA:128,0
DA:130,0
DA:131,0
DA:133,0
DA:134,0
DA:135,0
DA:136,0
DA:138,0
DA:142,0
LF:66
LH:0
BRDA:11,0,0,0
BRDA:11,0,1,0
BRDA:12,1,0,0
BRDA:12,1,1,0
BRDA:30,2,0,0
BRDA:30,3,0,0
BRDA:31,4,0,0
BRDA:31,4,1,0
BRDA:31,5,0,0
BRDA:31,5,1,0
BRDA:32,6,0,0
BRDA:32,6,1,0
BRDA:32,7,0,0
BRDA:32,7,1,0
BRDA:35,8,0,0
BRDA:35,8,1,0
BRDA:36,9,0,0
BRDA:36,9,1,0
BRDA:40,10,0,0
BRDA:40,10,1,0
BRDA:46,11,0,0
BRDA:46,11,1,0
BRDA:54,12,0,0
BRDA:54,12,1,0
BRDA:62,13,0,0
BRDA:62,13,1,0
BRDA:69,14,0,0
BRDA:69,14,1,0
BRDA:78,15,0,0
BRDA:78,15,1,0
BRDA:79,16,0,0
BRDA:79,16,1,0
BRDA:80,17,0,0
BRDA:80,17,1,0
BRDA:84,18,0,0
BRDA:84,18,1,0
BRDA:87,19,0,0
BRDA:87,19,1,0
BRDA:93,20,0,0
BRDA:93,20,1,0
BRDA:94,21,0,0
BRDA:94,21,1,0
BRDA:102,22,0,0
BRDA:102,22,1,0
BRDA:102,22,2,0
BRDA:111,23,0,0
BRDA:111,23,1,0
BRDA:115,24,0,0
BRDA:115,24,1,0
BRDA:117,25,0,0
BRDA:117,25,1,0
BRDA:118,26,0,0
BRDA:118,26,1,0
BRDA:119,27,0,0
BRDA:119,27,1,0
BRDA:133,28,0,0
BRDA:133,28,1,0
BRDA:133,29,0,0
BRDA:133,29,1,0
BRDA:134,30,0,0
BRDA:134,30,1,0
BRDA:135,31,0,0
BRDA:135,31,1,0
BRF:63
BRH:0
end_of_record
TN:
SF:src/middlewares/oauth.middleware.ts
FN:15,validateOAuthProvider
FN:56,handleOAuthError
FNF:2
FNH:0
FNDA:0,validateOAuthProvider
FNDA:0,handleOAuthError
DA:8,0
DA:9,0
DA:10,0
DA:15,0
DA:20,0
DA:21,0
DA:23,0
DA:24,0
DA:27,0
DA:29,0
DA:30,0
DA:38,0
DA:39,0
DA:48,0
DA:50,0
DA:56,0
DA:63,0
DA:64,0
DA:68,0
LF:19
LH:0
BRDA:21,0,0,0
BRDA:21,0,1,0
BRDA:23,1,0,0
BRDA:23,1,1,0
BRDA:29,2,0,0
BRDA:29,2,1,0
BRDA:38,3,0,0
BRDA:38,3,1,0
BRDA:63,4,0,0
BRDA:63,4,1,0
BRDA:63,5,0,0
BRDA:63,5,1,0
BRF:12
BRH:0
end_of_record
TN:
SF:src/middlewares/ratelimit.middleware.ts
FN:15,createEnhancedLimiter
FN:32,(anonymous_2)
FN:42,(anonymous_3)
FN:48,(anonymous_4)
FN:121,(anonymous_5)
FN:136,(anonymous_6)
FN:153,(anonymous_7)
FN:167,(anonymous_8)
FN:181,(anonymous_9)
FN:192,createCustomLimiter
FN:201,getRateLimitInfo
FNF:11
FNH:0
FNDA:0,createEnhancedLimiter
FNDA:0,(anonymous_2)
FNDA:0,(anonymous_3)
FNDA:0,(anonymous_4)
FNDA:0,(anonymous_5)
FNDA:0,(anonymous_6)
FNDA:0,(anonymous_7)
FNDA:0,(anonymous_8)
FNDA:0,(anonymous_9)
FNDA:0,createCustomLimiter
FNDA:0,getRateLimitInfo
DA:1,0
DA:8,0
DA:16,0
DA:33,0
DA:34,0
DA:40,0
DA:45,0
DA:46,0
DA:49,0
DA:50,0
DA:58,0
DA:59,0
DA:63,0
DA:75,0
DA:96,0
DA:106,0
DA:117,0
DA:122,0
DA:124,0
DA:132,0
DA:137,0
DA:138,0
DA:139,0
DA:141,0
DA:149,0
DA:154,0
DA:155,0
DA:163,0
DA:168,0
DA:169,0
DA:177,0
DA:182,0
DA:183,0
DA:192,0
DA:193,0
DA:201,0
DA:202,0
DA:203,0
LF:38
LH:0
BRDA:23,0,0,0
BRDA:23,0,1,0
BRDA:29,1,0,0
BRDA:29,1,1,0
BRDA:30,2,0,0
BRDA:30,2,1,0
BRDA:33,3,0,0
BRDA:33,3,1,0
BRDA:34,4,0,0
BRDA:34,4,1,0
BRDA:34,4,2,0
BRDA:34,4,3,0
BRDA:34,4,4,0
BRDA:34,4,5,0
BRDA:42,5,0,0
BRDA:42,5,1,0
BRDA:46,6,0,0
BRDA:46,6,1,0
BRDA:46,6,2,0
BRDA:58,7,0,0
BRDA:58,7,1,0
BRDA:67,8,0,0
BRDA:67,8,1,0
BRDA:68,9,0,0
BRDA:68,9,1,0
BRDA:79,10,0,0
BRDA:79,10,1,0
BRDA:124,11,0,0
BRDA:124,11,1,0
BRDA:124,11,2,0
BRDA:138,12,0,0
BRDA:138,12,1,0
BRDA:139,13,0,0
BRDA:139,13,1,0
BRDA:155,14,0,0
BRDA:155,14,1,0
BRDA:155,14,2,0
BRDA:169,15,0,0
BRDA:169,15,1,0
BRDA:169,15,2,0
BRDA:183,16,0,0
BRDA:183,16,1,0
BRDA:183,16,2,0
BRDA:203,17,0,0
BRDA:203,17,1,0
BRF:45
BRH:0
end_of_record
TN:
SF:src/routes/auth.routes.ts
FNF:0
FNH:0
DA:6,0
DA:23,0
DA:27,0
DA:28,0
DA:30,0
DA:33,0
DA:34,0
DA:35,0
DA:38,0
DA:39,0
DA:40,0
DA:41,0
DA:44,0
DA:45,0
DA:48,0
DA:49,0
DA:52,0
DA:53,0
DA:56,0
DA:57,0
DA:59,0
LF:21
LH:0
BRF:0
BRH:0
end_of_record
TN:
SF:src/routes/auth.v1.routes.ts
FNF:0
FNH:0
DA:1,0
DA:2,0
DA:3,0
DA:5,0
DA:7,0
DA:9,0
LF:6
LH:0
BRF:0
BRH:0
end_of_record
TN:
SF:src/routes/balance.routes.ts
FNF:0
FNH:0
DA:6,0
DA:7,0
DA:8,0
DA:10,0
DA:26,0
DA:47,0
DA:49,0
LF:7
LH:0
BRF:0
BRH:0
end_of_record
TN:
SF:src/routes/blockchain.routes.ts
FN:12,(anonymous_0)
FN:57,(anonymous_1)
FN:92,(anonymous_2)
FN:127,(anonymous_3)
FN:161,(anonymous_4)
FNF:5
FNH:0
FNDA:0,(anonymous_0)
FNDA:0,(anonymous_1)
FNDA:0,(anonymous_2)
FNDA:0,(anonymous_3)
FNDA:0,(anonymous_4)
DA:1,0
DA:2,0
DA:4,0
DA:5,0
DA:12,0
DA:13,0
DA:14,0
DA:16,0
DA:22,0
DA:29,0
DA:36,0
DA:42,0
DA:43,0
DA:55,0
DA:58,0
DA:59,0
DA:61,0
DA:62,0
DA:68,0
DA:70,0
DA:76,0
DA:77,0
DA:90,0
DA:93,0
DA:94,0
DA:96,0
DA:97,0
DA:103,0
DA:105,0
DA:111,0
DA:112,0
DA:125,0
DA:128,0
DA:129,0
DA:131,0
DA:132,0
DA:138,0
DA:140,0
DA:145,0
DA:146,0
DA:159,0
DA:162,0
DA:163,0
DA:165,0
DA:166,0
DA:172,0
DA:174,0
DA:179,0
DA:180,0
DA:188,0
LF:50
LH:0
BRDA:16,0,0,0
BRDA:16,0,1,0
BRDA:17,1,0,0
BRDA:17,1,1,0
BRDA:17,1,2,0
BRDA:17,1,3,0
BRDA:45,2,0,0
BRDA:45,2,1,0
BRDA:61,3,0,0
BRDA:61,3,1,0
BRDA:79,4,0,0
BRDA:79,4,1,0
BRDA:96,5,0,0
BRDA:96,5,1,0
BRDA:114,6,0,0
BRDA:114,6,1,0
BRDA:131,7,0,0
BRDA:131,7,1,0
BRDA:148,8,0,0
BRDA:148,8,1,0
BRDA:165,9,0,0
BRDA:165,9,1,0
BRDA:182,10,0,0
BRDA:182,10,1,0
BRF:24
BRH:0
end_of_record
TN:
SF:src/routes/escrow-balance.routes.ts
FNF:0
FNH:0
DA:1,1
DA:2,1
DA:4,1
DA:6,1
DA:8,1
LF:5
LH:5
BRF:0
BRH:0
end_of_record
TN:
SF:src/routes/escrow-init.routes.ts
FNF:0
FNH:0
DA:1,1
DA:2,1
DA:4,1
DA:6,1
DA:8,1
LF:5
LH:5
BRF:0
BRH:0
end_of_record
TN:
SF:src/routes/escrow-query.routes.ts
FNF:0
FNH:0
DA:1,1
DA:2,1
DA:4,1
DA:6,1
DA:8,1
LF:5
LH:5
BRF:0
BRH:0
end_of_record
TN:
SF:src/routes/oauth.routes.ts
FNF:0
FNH:0
DA:6,0
DA:7,0
DA:14,0
DA:15,0
DA:16,0
DA:18,0
DA:21,0
DA:22,0
DA:23,0
DA:26,0
DA:27,0
DA:28,0
DA:30,0
LF:13
LH:0
BRF:0
BRH:0
end_of_record
TN:
SF:src/routes/profile.routes.ts
FNF:0
FNH:0
DA:6,0
DA:7,0
DA:12,0
DA:14,0
DA:17,0
DA:24,0
DA:27,0
DA:29,0
LF:8
LH:0
BRF:0
BRH:0
end_of_record
TN:
SF:src/routes/project.routes.ts
FNF:0
FNH:0
DA:1,0
DA:2,0
DA:10,0
DA:11,0
DA:13,0
DA:16,0
DA:19,0
DA:22,0
DA:25,0
DA:33,0
DA:41,0
DA:48,0
LF:12
LH:0
BRF:0
BRH:0
end_of_record
TN:
SF:src/routes/role.routes.ts
FNF:0
FNH:0
DA:6,0
DA:7,0
DA:11,0
DA:13,0
DA:21,0
DA:33,0
DA:39,0
LF:7
LH:0
BRF:0
BRH:0
end_of_record
TN:
SF:src/routes/task.route.ts
FNF:0
FNH:0
DA:1,0
DA:2,0
DA:4,0
DA:6,0
DA:8,0
LF:5
LH:0
BRF:0
BRH:0
end_of_record
TN:
SF:src/routes/task.routes.ts
FNF:0
FNH:0
DA:6,0
DA:7,0
DA:13,0
DA:14,0
DA:16,0
DA:19,0
DA:22,0
DA:29,0
DA:36,0
DA:43,0
DA:50,0
DA:52,0
LF:12
LH:0
BRF:0
BRH:0
end_of_record
TN:
SF:src/routes/transaction.routes.ts
FNF:0
FNH:0
DA:6,0
DA:7,0
DA:9,0
DA:29,0
DA:31,0
LF:5
LH:0
BRF:0
BRH:0
end_of_record
TN:
SF:src/routes/user.routes.ts
FNF:0
FNH:0
DA:1,0
DA:2,0
DA:12,0
DA:13,0
DA:16,0
DA:18,0
DA:21,0
DA:22,0
DA:24,0
DA:27,0
DA:29,0
DA:30,0
DA:31,0
DA:33,0
LF:14
LH:0
BRF:0
BRH:0
end_of_record
TN:
SF:src/routes/wallet.routes.ts
FNF:0
FNH:0
DA:6,1
DA:7,1
DA:13,1
DA:15,1
DA:25,1
DA:31,1
DA:39,1
DA:51,1
DA:53,1
LF:9
LH:9
BRF:0
BRH:0
end_of_record
TN:
SF:src/services/auth.service.ts
FN:36,(anonymous_10)
FN:38,getNonce
FN:66,register
FN:70,(anonymous_13)
FN:71,(anonymous_14)
FN:216,signup
FN:224,(anonymous_16)
FN:230,(anonymous_17)
FN:263,registerWithEmail
FN:270,(anonymous_19)
FN:438,registerWithWallet
FN:454,(anonymous_21)
FN:622,login
FN:660,(anonymous_23)
FN:666,(anonymous_24)
FN:697,refreshSession
FN:718,(anonymous_26)
FN:724,(anonymous_27)
FN:776,logoutUser
FN:799,normalizeTokenHashToHex
FN:855,logoutAllUserSessions
FN:870,logoutCurrentSession
FN:888,(anonymous_32)
FN:927,(anonymous_33)
FN:954,getMe
FN:974,loginWithEmail
FN:1064,(anonymous_36)
FN:1070,(anonymous_37)
FN:1122,logAuthAttempt
FN:1152,getUserSessions
FN:1172,(anonymous_40)
FN:1232,revokeSession
FN:1295,revokeAllSessions
FN:1332,forgotPassword
FN:1334,(anonymous_44)
FN:1405,(anonymous_45)
FN:1438,resetPassword
FNF:37
FNH:7
FNDA:0,(anonymous_10)
FNDA:0,getNonce
FNDA:0,register
FNDA:0,(anonymous_13)
FNDA:0,(anonymous_14)
FNDA:0,signup
FNDA:0,(anonymous_16)
FNDA:0,(anonymous_17)
FNDA:0,registerWithEmail
FNDA:0,(anonymous_19)
FNDA:0,registerWithWallet
FNDA:0,(anonymous_21)
FNDA:0,login
FNDA:0,(anonymous_23)
FNDA:0,(anonymous_24)
FNDA:0,refreshSession
FNDA:0,(anonymous_26)
FNDA:0,(anonymous_27)
FNDA:0,logoutUser
FNDA:2,normalizeTokenHashToHex
FNDA:1,logoutAllUserSessions
FNDA:3,logoutCurrentSession
FNDA:2,(anonymous_32)
FNDA:1,(anonymous_33)
FNDA:0,getMe
FNDA:0,loginWithEmail
FNDA:0,(anonymous_36)
FNDA:0,(anonymous_37)
FNDA:0,logAuthAttempt
FNDA:2,getUserSessions
FNDA:3,(anonymous_40)
FNDA:0,revokeSession
FNDA:0,revokeAllSessions
FNDA:0,forgotPassword
FNDA:0,(anonymous_44)
FNDA:0,(anonymous_45)
FNDA:0,resetPassword
DA:7,1
DA:8,1
DA:13,1
DA:14,1
DA:26,1
DA:31,1
DA:32,1
DA:33,1
DA:34,1
DA:36,1
DA:38,1
DA:39,0
DA:41,0
DA:47,0
DA:49,0
DA:54,0
DA:56,0
DA:66,1
DA:67,0
DA:70,0
DA:71,0
DA:74,0
DA:75,0
DA:78,0
DA:79,0
DA:83,0
DA:84,0
DA:87,0
DA:88,0
DA:92,0
DA:98,0
DA:99,0
DA:103,0
DA:107,0
DA:110,0
DA:125,0
DA:126,0
DA:132,0
DA:134,0
DA:139,0
DA:144,0
DA:145,0
DA:152,0
DA:162,0
DA:168,0
DA:176,0
DA:178,0
DA:179,0
DA:195,0
DA:196,0
DA:199,0
DA:201,0
DA:211,0
DA:212,0
DA:216,1
DA:217,0
DA:219,0
DA:224,0
DA:226,0
DA:230,0
DA:234,0
DA:244,0
DA:245,0
DA:248,0
DA:250,0
DA:263,1
DA:267,0
DA:270,0
DA:273,0
DA:279,0
DA:280,0
DA:284,0
DA:290,0
DA:291,0
DA:295,0
DA:298,0
DA:314,0
DA:315,0
DA:321,0
DA:323,0
DA:328,0
DA:333,0
DA:334,0
DA:370,0
DA:380,0
DA:386,0
DA:394,0
DA:410,0
DA:411,0
DA:414,0
DA:416,0
DA:426,0
DA:427,0
DA:438,1
DA:451,0
DA:454,0
DA:459,0
DA:463,0
DA:467,0
DA:473,0
DA:474,0
DA:478,0
DA:484,0
DA:485,0
DA:489,0
DA:495,0
DA:496,0
DA:500,0
DA:503,0
DA:520,0
DA:521,0
DA:527,0
DA:529,0
DA:561,0
DA:571,0
DA:577,0
DA:585,0
DA:601,0
DA:602,0
DA:605,0
DA:607,0
DA:617,0
DA:618,0
DA:622,1
DA:623,0
DA:625,0
DA:631,0
DA:650,0
DA:656,0
DA:660,0
DA:662,0
DA:666,0
DA:669,0
DA:685,0
DA:686,0
DA:689,0
DA:691,0
DA:697,1
DA:699,0
DA:700,0
DA:703,0
DA:709,0
DA:710,0
DA:714,0
DA:718,0
DA:720,0
DA:724,0
DA:728,0
DA:729,0
DA:732,0
DA:751,0
DA:752,0
DA:757,0
DA:766,0
DA:769,0
DA:773,0
DA:776,1
DA:778,0
DA:779,0
DA:783,0
DA:792,0
DA:793,0
DA:796,0
DA:800,2
DA:802,2
DA:803,2
DA:806,0
DA:807,0
DA:809,0
DA:810,0
DA:811,0
DA:815,0
DA:818,0
DA:819,0
DA:820,0
DA:821,0
DA:822,0
DA:823,0
DA:826,0
DA:830,0
DA:831,0
DA:832,0
DA:833,0
DA:834,0
DA:837,0
DA:841,0
DA:844,0
DA:845,0
DA:846,0
DA:848,0
DA:852,0
DA:855,1
DA:856,1
DA:865,1
DA:866,0
DA:870,1
DA:874,3
DA:875,2
DA:877,2
DA:884,2
DA:885,0
DA:888,2
DA:889,2
DA:890,2
DA:893,2
DA:894,1
DA:897,1
DA:906,1
DA:907,0
DA:910,1
DA:913,1
DA:915,1
DA:923,1
DA:924,0
DA:927,1
DA:929,1
DA:932,1
DA:933,1
DA:936,1
DA:937,0
DA:940,1
DA:949,1
DA:950,0
DA:954,1
DA:955,0
DA:961,0
DA:963,0
DA:965,0
DA:974,1
DA:978,0
DA:981,0
DA:991,0
DA:997,0
DA:998,0
DA:1006,0
DA:1010,0
DA:1011,0
DA:1019,0
DA:1025,0
DA:1026,0
DA:1027,0
DA:1035,0
DA:1039,0
DA:1040,0
DA:1048,0
DA:1054,0
DA:1060,0
DA:1064,0
DA:1066,0
DA:1070,0
DA:1074,0
DA:1077,0
DA:1078,0
DA:1090,0
DA:1091,0
DA:1092,0
DA:1096,0
DA:1105,0
DA:1107,0
DA:1125,0
DA:1126,0
DA:1133,0
DA:1143,0
DA:1152,1
DA:1158,2
DA:1166,2
DA:1167,0
DA:1172,2
DA:1174,3
DA:1177,3
DA:1178,3
DA:1179,0
DA:1180,0
DA:1182,0
DA:1184,3
DA:1185,1
DA:1190,3
DA:1196,1
DA:1199,3
DA:1220,2
DA:1224,1
DA:1232,1
DA:1238,0
DA:1239,0
DA:1246,0
DA:1253,0
DA:1254,0
DA:1255,0
DA:1257,0
DA:1260,0
DA:1261,0
DA:1265,0
DA:1266,0
DA:1273,0
DA:1281,0
DA:1282,0
DA:1285,0
DA:1295,1
DA:1300,0
DA:1302,0
DA:1312,0
DA:1313,0
DA:1316,0
DA:1318,0
DA:1319,0
DA:1322,0
DA:1332,1
DA:1334,0
DA:1335,0
DA:1336,0
DA:1340,0
DA:1348,0
DA:1350,0
DA:1360,0
DA:1367,0
DA:1369,0
DA:1379,0
DA:1386,0
DA:1387,0
DA:1388,0
DA:1391,0
DA:1399,0
DA:1400,0
DA:1404,0
DA:1405,0
DA:1406,0
DA:1409,0
DA:1415,0
DA:1424,0
DA:1438,1
DA:1444,0
DA:1445,0
DA:1448,0
DA:1449,0
DA:1452,0
DA:1453,0
DA:1457,0
DA:1463,0
DA:1464,0
DA:1472,0
DA:1476,0
DA:1477,0
DA:1480,0
DA:1481,0
DA:1483,0
DA:1491,0
DA:1500,0
DA:1507,0
DA:1510,0
DA:1519,0
DA:1520,0
DA:1524,0
DA:1533,0
LF:353
LH:67
BRDA:47,0,0,0
BRDA:47,0,1,0
BRDA:47,1,0,0
BRDA:47,1,1,0
BRDA:54,2,0,0
BRDA:54,2,1,0
BRDA:74,3,0,0
BRDA:74,3,1,0
BRDA:74,4,0,0
BRDA:74,4,1,0
BRDA:78,5,0,0
BRDA:78,5,1,0
BRDA:83,6,0,0
BRDA:83,6,1,0
BRDA:83,7,0,0
BRDA:83,7,1,0
BRDA:87,8,0,0
BRDA:87,8,1,0
BRDA:98,9,0,0
BRDA:98,9,1,0
BRDA:125,10,0,0
BRDA:125,10,1,0
BRDA:125,11,0,0
BRDA:125,11,1,0
BRDA:127,12,0,0
BRDA:127,12,1,0
BRDA:144,13,0,0
BRDA:144,13,1,0
BRDA:156,14,0,0
BRDA:156,14,1,0
BRDA:157,15,0,0
BRDA:157,15,1,0
BRDA:195,16,0,0
BRDA:195,16,1,0
BRDA:222,17,0,0
BRDA:222,17,1,0
BRDA:224,18,0,0
BRDA:224,18,1,0
BRDA:229,19,0,0
BRDA:229,19,1,0
BRDA:230,20,0,0
BRDA:230,20,1,0
BRDA:244,21,0,0
BRDA:244,21,1,0
BRDA:279,22,0,0
BRDA:279,22,1,0
BRDA:290,23,0,0
BRDA:290,23,1,0
BRDA:305,24,0,0
BRDA:305,24,1,0
BRDA:306,25,0,0
BRDA:306,25,1,0
BRDA:307,26,0,0
BRDA:307,26,1,0
BRDA:314,27,0,0
BRDA:314,27,1,0
BRDA:314,28,0,0
BRDA:314,28,1,0
BRDA:316,29,0,0
BRDA:316,29,1,0
BRDA:333,30,0,0
BRDA:333,30,1,0
BRDA:374,31,0,0
BRDA:374,31,1,0
BRDA:375,32,0,0
BRDA:375,32,1,0
BRDA:410,33,0,0
BRDA:410,33,1,0
BRDA:473,34,0,0
BRDA:473,34,1,0
BRDA:484,35,0,0
BRDA:484,35,1,0
BRDA:495,36,0,0
BRDA:495,36,1,0
BRDA:511,37,0,0
BRDA:511,37,1,0
BRDA:512,38,0,0
BRDA:512,38,1,0
BRDA:513,39,0,0
BRDA:513,39,1,0
BRDA:520,40,0,0
BRDA:520,40,1,0
BRDA:520,41,0,0
BRDA:520,41,1,0
BRDA:522,42,0,0
BRDA:522,42,1,0
BRDA:565,43,0,0
BRDA:565,43,1,0
BRDA:566,44,0,0
BRDA:566,44,1,0
BRDA:601,45,0,0
BRDA:601,45,1,0
BRDA:631,46,0,0
BRDA:631,46,1,0
BRDA:631,47,0,0
BRDA:631,47,1,0
BRDA:658,48,0,0
BRDA:658,48,1,0
BRDA:659,49,0,0
BRDA:659,49,1,0
BRDA:660,50,0,0
BRDA:660,50,1,0
BRDA:664,51,0,0
BRDA:664,51,1,0
BRDA:665,52,0,0
BRDA:665,52,1,0
BRDA:666,53,0,0
BRDA:666,53,1,0
BRDA:676,54,0,0
BRDA:676,54,1,0
BRDA:685,55,0,0
BRDA:685,55,1,0
BRDA:699,56,0,0
BRDA:699,56,1,0
BRDA:699,57,0,0
BRDA:699,57,1,0
BRDA:709,58,0,0
BRDA:709,58,1,0
BRDA:709,59,0,0
BRDA:709,59,1,0
BRDA:716,60,0,0
BRDA:716,60,1,0
BRDA:717,61,0,0
BRDA:717,61,1,0
BRDA:718,62,0,0
BRDA:718,62,1,0
BRDA:722,63,0,0
BRDA:722,63,1,0
BRDA:723,64,0,0
BRDA:723,64,1,0
BRDA:724,65,0,0
BRDA:724,65,1,0
BRDA:751,66,0,0
BRDA:751,66,1,0
BRDA:751,67,0,0
BRDA:751,67,1,0
BRDA:766,68,0,0
BRDA:766,68,1,0
BRDA:778,69,0,0
BRDA:778,69,1,0
BRDA:778,70,0,0
BRDA:778,70,1,0
BRDA:792,71,0,0
BRDA:792,71,1,0
BRDA:800,72,0,0
BRDA:800,72,1,2
BRDA:802,73,0,2
BRDA:802,73,1,0
BRDA:806,74,0,0
BRDA:806,74,1,0
BRDA:809,75,0,0
BRDA:809,75,1,0
BRDA:811,76,0,0
BRDA:811,76,1,0
BRDA:812,77,0,0
BRDA:812,77,1,0
BRDA:818,78,0,0
BRDA:818,78,1,0
BRDA:822,79,0,0
BRDA:822,79,1,0
BRDA:822,80,0,0
BRDA:822,80,1,0
BRDA:830,81,0,0
BRDA:830,81,1,0
BRDA:830,82,0,0
BRDA:830,82,1,0
BRDA:833,83,0,0
BRDA:833,83,1,0
BRDA:833,84,0,0
BRDA:833,84,1,0
BRDA:844,85,0,0
BRDA:844,85,1,0
BRDA:865,86,0,0
BRDA:865,86,1,1
BRDA:874,87,0,2
BRDA:874,87,1,1
BRDA:884,88,0,0
BRDA:884,88,1,2
BRDA:888,89,0,2
BRDA:888,89,1,0
BRDA:893,90,0,1
BRDA:893,90,1,1
BRDA:906,91,0,0
BRDA:906,91,1,1
BRDA:913,92,0,1
BRDA:913,92,1,0
BRDA:923,93,0,0
BRDA:923,93,1,1
BRDA:927,94,0,1
BRDA:927,94,1,0
BRDA:929,95,0,1
BRDA:929,95,1,1
BRDA:929,95,2,1
BRDA:932,96,0,1
BRDA:932,96,1,1
BRDA:932,96,2,1
BRDA:933,97,0,1
BRDA:933,97,1,1
BRDA:936,98,0,0
BRDA:936,98,1,1
BRDA:949,99,0,0
BRDA:949,99,1,1
BRDA:961,100,0,0
BRDA:961,100,1,0
BRDA:961,101,0,0
BRDA:961,101,1,0
BRDA:985,102,0,0
BRDA:985,102,1,0
BRDA:986,103,0,0
BRDA:986,103,1,0
BRDA:997,104,0,0
BRDA:997,104,1,0
BRDA:997,105,0,0
BRDA:997,105,1,0
BRDA:1002,106,0,0
BRDA:1002,106,1,0
BRDA:1003,107,0,0
BRDA:1003,107,1,0
BRDA:1010,108,0,0
BRDA:1010,108,1,0
BRDA:1015,109,0,0
BRDA:1015,109,1,0
BRDA:1016,110,0,0
BRDA:1016,110,1,0
BRDA:1026,111,0,0
BRDA:1026,111,1,0
BRDA:1031,112,0,0
BRDA:1031,112,1,0
BRDA:1032,113,0,0
BRDA:1032,113,1,0
BRDA:1039,114,0,0
BRDA:1039,114,1,0
BRDA:1044,115,0,0
BRDA:1044,115,1,0
BRDA:1045,116,0,0
BRDA:1045,116,1,0
BRDA:1062,117,0,0
BRDA:1062,117,1,0
BRDA:1063,118,0,0
BRDA:1063,118,1,0
BRDA:1064,119,0,0
BRDA:1064,119,1,0
BRDA:1068,120,0,0
BRDA:1068,120,1,0
BRDA:1069,121,0,0
BRDA:1069,121,1,0
BRDA:1070,122,0,0
BRDA:1070,122,1,0
BRDA:1090,123,0,0
BRDA:1090,123,1,0
BRDA:1100,124,0,0
BRDA:1100,124,1,0
BRDA:1101,125,0,0
BRDA:1101,125,1,0
BRDA:1166,126,0,0
BRDA:1166,126,1,2
BRDA:1172,127,0,2
BRDA:1172,127,1,0
BRDA:1178,128,0,0
BRDA:1178,128,1,3
BRDA:1184,129,0,1
BRDA:1184,129,1,2
BRDA:1190,130,0,1
BRDA:1190,130,1,2
BRDA:1191,131,0,3
BRDA:1191,131,1,3
BRDA:1191,131,2,3
BRDA:1191,131,3,1
BRDA:1202,132,0,3
BRDA:1202,132,1,3
BRDA:1202,132,2,1
BRDA:1203,133,0,3
BRDA:1203,133,1,3
BRDA:1203,133,2,1
BRDA:1204,134,0,3
BRDA:1204,134,1,3
BRDA:1204,134,2,1
BRDA:1206,135,0,3
BRDA:1206,135,1,3
BRDA:1206,135,2,1
BRDA:1207,136,0,3
BRDA:1207,136,1,3
BRDA:1208,137,0,2
BRDA:1208,137,1,1
BRDA:1214,138,0,3
BRDA:1214,138,1,3
BRDA:1238,139,0,0
BRDA:1238,139,1,0
BRDA:1238,140,0,0
BRDA:1238,140,1,0
BRDA:1253,141,0,0
BRDA:1253,141,1,0
BRDA:1254,142,0,0
BRDA:1254,142,1,0
BRDA:1260,143,0,0
BRDA:1260,143,1,0
BRDA:1265,144,0,0
BRDA:1265,144,1,0
BRDA:1281,145,0,0
BRDA:1281,145,1,0
BRDA:1297,146,0,0
BRDA:1312,147,0,0
BRDA:1312,147,1,0
BRDA:1312,148,0,0
BRDA:1312,148,1,0
BRDA:1318,149,0,0
BRDA:1318,149,1,0
BRDA:1322,150,0,0
BRDA:1322,150,1,0
BRDA:1335,151,0,0
BRDA:1335,151,1,0
BRDA:1335,152,0,0
BRDA:1335,152,1,0
BRDA:1348,153,0,0
BRDA:1348,153,1,0
BRDA:1348,154,0,0
BRDA:1348,154,1,0
BRDA:1354,155,0,0
BRDA:1354,155,1,0
BRDA:1355,156,0,0
BRDA:1355,156,1,0
BRDA:1367,157,0,0
BRDA:1367,157,1,0
BRDA:1373,158,0,0
BRDA:1373,158,1,0
BRDA:1374,159,0,0
BRDA:1374,159,1,0
BRDA:1399,160,0,0
BRDA:1399,160,1,0
BRDA:1419,161,0,0
BRDA:1419,161,1,0
BRDA:1420,162,0,0
BRDA:1420,162,1,0
BRDA:1444,163,0,0
BRDA:1444,163,1,0
BRDA:1444,164,0,0
BRDA:1444,164,1,0
BRDA:1448,165,0,0
BRDA:1448,165,1,0
BRDA:1448,166,0,0
BRDA:1448,166,1,0
BRDA:1452,167,0,0
BRDA:1452,167,1,0
BRDA:1463,168,0,0
BRDA:1463,168,1,0
BRDA:1463,169,0,0
BRDA:1463,169,1,0
BRDA:1468,170,0,0
BRDA:1468,170,1,0
BRDA:1469,171,0,0
BRDA:1469,171,1,0
BRDA:1476,172,0,0
BRDA:1476,172,1,0
BRDA:1481,173,0,0
BRDA:1481,173,1,0
BRDA:1495,174,0,0
BRDA:1495,174,1,0
BRDA:1496,175,0,0
BRDA:1496,175,1,0
BRDA:1519,176,0,0
BRDA:1519,176,1,0
BRDA:1528,177,0,0
BRDA:1528,177,1,0
BRDA:1529,178,0,0
BRDA:1529,178,1,0
BRF:365
BRH:52
end_of_record
TN:
SF:src/services/balance.service.ts
FN:39,(anonymous_0)
FN:113,(anonymous_1)
FN:211,(anonymous_2)
FN:256,(anonymous_3)
FN:291,(anonymous_4)
FN:387,(anonymous_5)
FN:476,(anonymous_6)
FN:629,(anonymous_7)
FNF:8
FNH:8
FNDA:4,(anonymous_0)
FNDA:23,(anonymous_1)
FNDA:10,(anonymous_2)
FNDA:7,(anonymous_3)
FNDA:40,(anonymous_4)
FNDA:43,(anonymous_5)
FNDA:27,(anonymous_6)
FNDA:43,(anonymous_7)
DA:5,5
DA:6,5
DA:13,5
DA:14,5
DA:27,5
DA:29,5
DA:46,4
DA:48,4
DA:49,4
DA:54,4
DA:55,1
DA:58,3
DA:59,1
DA:62,2
DA:63,0
DA:66,2
DA:67,0
DA:73,2
DA:82,2
DA:83,1
DA:84,1
DA:87,1
DA:88,0
DA:91,1
DA:93,1
DA:96,3
DA:97,3
DA:99,0
DA:120,23
DA:122,23
DA:123,23
DA:128,23
DA:129,1
DA:132,22
DA:133,1
DA:136,21
DA:137,1
DA:140,20
DA:141,2
DA:144,18
DA:145,1
DA:148,17
DA:149,2
DA:155,15
DA:165,15
DA:166,5
DA:169,5
DA:170,3
DA:176,2
DA:179,10
DA:180,1
DA:184,9
DA:185,1
DA:188,8
DA:192,8
DA:198,15
DA:199,15
DA:201,0
DA:220,10
DA:222,10
DA:223,10
DA:228,10
DA:229,1
DA:232,9
DA:233,1
DA:237,8
DA:243,8
DA:244,1
DA:248,8
DA:250,8
DA:251,1
DA:252,1
DA:256,7
DA:257,7
DA:258,7
DA:259,7
DA:261,7
DA:269,7
DA:271,7
DA:274,3
DA:275,3
DA:277,0
DA:298,40
DA:300,40
DA:301,40
DA:306,40
DA:307,2
DA:310,38
DA:311,4
DA:314,34
DA:315,2
DA:318,32
DA:319,2
DA:325,30
DA:334,29
DA:335,9
DA:338,9
DA:342,6
DA:353,3
DA:356,20
DA:357,2
DA:360,18
DA:362,18
DA:365,22
DA:371,21
DA:373,1
DA:394,43
DA:396,43
DA:397,43
DA:402,43
DA:403,2
DA:406,41
DA:407,4
DA:410,37
DA:411,2
DA:414,35
DA:415,3
DA:419,32
DA:428,30
DA:429,8
DA:431,8
DA:435,2
DA:446,6
DA:449,22
DA:450,2
DA:453,20
DA:455,20
DA:458,23
DA:464,21
DA:466,2
DA:480,27
DA:482,27
DA:483,27
DA:488,27
DA:489,1
DA:493,26
DA:494,1
DA:498,25
DA:499,1
DA:503,24
DA:504,3
DA:505,3
DA:507,3
DA:508,0
DA:511,3
DA:512,0
DA:515,3
DA:516,1
DA:518,21
DA:519,1
DA:520,1
DA:521,1
DA:523,20
DA:524,1
DA:525,1
DA:526,1
DA:531,21
DA:532,21
DA:534,21
DA:535,1
DA:538,20
DA:539,2
DA:543,18
DA:549,18
DA:550,4
DA:553,18
DA:554,8
DA:557,18
DA:558,2
DA:561,18
DA:563,2
DA:564,2
DA:565,2
DA:569,18
DA:572,18
DA:573,18
DA:576,18
DA:578,18
DA:579,1
DA:580,1
DA:583,17
DA:584,17
DA:586,17
DA:590,17
DA:601,10
DA:606,10
DA:608,0
DA:636,43
DA:638,43
DA:639,43
DA:644,43
DA:645,2
DA:648,41
DA:649,4
DA:652,37
DA:653,2
DA:656,35
DA:657,3
DA:663,32
DA:672,30
DA:673,8
DA:676,8
DA:680,6
DA:686,2
DA:689,22
DA:690,2
DA:693,20
DA:695,20
DA:698,23
DA:704,21
DA:706,2
DA:711,5
LF:212
LH:203
BRDA:54,0,0,1
BRDA:54,0,1,3
BRDA:58,1,0,1
BRDA:58,1,1,2
BRDA:62,2,0,0
BRDA:62,2,1,2
BRDA:66,3,0,0
BRDA:66,3,1,2
BRDA:66,4,0,2
BRDA:66,4,1,2
BRDA:79,5,0,2
BRDA:79,5,1,1
BRDA:82,6,0,1
BRDA:82,6,1,1
BRDA:87,7,0,0
BRDA:87,7,1,1
BRDA:96,8,0,3
BRDA:96,8,1,0
BRDA:96,9,0,3
BRDA:96,9,1,2
BRDA:96,9,2,1
BRDA:128,10,0,1
BRDA:128,10,1,22
BRDA:132,11,0,1
BRDA:132,11,1,21
BRDA:136,12,0,1
BRDA:136,12,1,20
BRDA:140,13,0,2
BRDA:140,13,1,18
BRDA:144,14,0,1
BRDA:144,14,1,17
BRDA:148,15,0,2
BRDA:148,15,1,15
BRDA:148,16,0,17
BRDA:148,16,1,16
BRDA:165,17,0,5
BRDA:165,17,1,10
BRDA:169,18,0,3
BRDA:169,18,1,2
BRDA:169,19,0,5
BRDA:169,19,1,5
BRDA:179,20,0,1
BRDA:179,20,1,9
BRDA:184,21,0,1
BRDA:184,21,1,8
BRDA:184,22,0,9
BRDA:184,22,1,8
BRDA:198,23,0,15
BRDA:198,23,1,0
BRDA:198,24,0,15
BRDA:198,24,1,9
BRDA:198,24,2,7
BRDA:198,24,3,3
BRDA:224,25,0,10
BRDA:224,25,1,8
BRDA:228,26,0,1
BRDA:228,26,1,9
BRDA:232,27,0,1
BRDA:232,27,1,8
BRDA:232,28,0,9
BRDA:232,28,1,2
BRDA:243,29,0,1
BRDA:243,29,1,7
BRDA:250,30,0,1
BRDA:250,30,1,7
BRDA:256,31,0,7
BRDA:256,31,1,0
BRDA:257,32,0,7
BRDA:257,32,1,2
BRDA:258,33,0,7
BRDA:258,33,1,3
BRDA:274,34,0,3
BRDA:274,34,1,0
BRDA:274,35,0,3
BRDA:274,35,1,2
BRDA:274,35,2,1
BRDA:306,36,0,2
BRDA:306,36,1,38
BRDA:310,37,0,4
BRDA:310,37,1,34
BRDA:314,38,0,2
BRDA:314,38,1,32
BRDA:318,39,0,2
BRDA:318,39,1,30
BRDA:318,40,0,32
BRDA:318,40,1,31
BRDA:331,41,0,30
BRDA:331,41,1,25
BRDA:334,42,0,9
BRDA:334,42,1,20
BRDA:338,43,0,6
BRDA:338,43,1,3
BRDA:338,44,0,9
BRDA:338,44,1,9
BRDA:338,44,2,3
BRDA:356,45,0,2
BRDA:356,45,1,18
BRDA:365,46,0,21
BRDA:365,46,1,1
BRDA:366,47,0,22
BRDA:366,47,1,14
BRDA:366,47,2,12
BRDA:366,47,3,7
BRDA:402,48,0,2
BRDA:402,48,1,41
BRDA:406,49,0,4
BRDA:406,49,1,37
BRDA:410,50,0,2
BRDA:410,50,1,35
BRDA:414,51,0,3
BRDA:414,51,1,32
BRDA:414,52,0,35
BRDA:414,52,1,33
BRDA:425,53,0,32
BRDA:425,53,1,28
BRDA:428,54,0,8
BRDA:428,54,1,22
BRDA:431,55,0,2
BRDA:431,55,1,6
BRDA:431,56,0,8
BRDA:431,56,1,8
BRDA:431,56,2,8
BRDA:449,57,0,2
BRDA:449,57,1,20
BRDA:458,58,0,21
BRDA:458,58,1,2
BRDA:459,59,0,23
BRDA:459,59,1,14
BRDA:459,59,2,12
BRDA:459,59,3,4
BRDA:488,60,0,1
BRDA:488,60,1,26
BRDA:493,61,0,1
BRDA:493,61,1,25
BRDA:493,62,0,26
BRDA:493,62,1,5
BRDA:498,63,0,1
BRDA:498,63,1,24
BRDA:498,64,0,25
BRDA:498,64,1,9
BRDA:503,65,0,3
BRDA:503,65,1,21
BRDA:503,66,0,24
BRDA:503,66,1,4
BRDA:507,67,0,0
BRDA:507,67,1,3
BRDA:511,68,0,0
BRDA:511,68,1,3
BRDA:515,69,0,1
BRDA:515,69,1,2
BRDA:518,70,0,1
BRDA:518,70,1,20
BRDA:520,71,0,1
BRDA:520,71,1,0
BRDA:523,72,0,1
BRDA:523,72,1,19
BRDA:525,73,0,1
BRDA:525,73,1,0
BRDA:531,74,0,10
BRDA:531,74,1,11
BRDA:532,75,0,11
BRDA:532,75,1,10
BRDA:534,76,0,1
BRDA:534,76,1,20
BRDA:538,77,0,2
BRDA:538,77,1,18
BRDA:538,78,0,20
BRDA:538,78,1,19
BRDA:549,79,0,4
BRDA:549,79,1,14
BRDA:553,80,0,8
BRDA:553,80,1,10
BRDA:557,81,0,2
BRDA:557,81,1,16
BRDA:561,82,0,2
BRDA:561,82,1,16
BRDA:578,83,0,1
BRDA:578,83,1,17
BRDA:583,84,0,17
BRDA:583,84,1,11
BRDA:587,85,0,17
BRDA:587,85,1,10
BRDA:591,86,0,17
BRDA:591,86,1,0
BRDA:601,87,0,10
BRDA:601,87,1,0
BRDA:602,88,0,10
BRDA:602,88,1,2
BRDA:602,88,2,1
BRDA:644,89,0,2
BRDA:644,89,1,41
BRDA:648,90,0,4
BRDA:648,90,1,37
BRDA:652,91,0,2
BRDA:652,91,1,35
BRDA:656,92,0,3
BRDA:656,92,1,32
BRDA:656,93,0,35
BRDA:656,93,1,33
BRDA:669,94,0,32
BRDA:669,94,1,28
BRDA:672,95,0,8
BRDA:672,95,1,22
BRDA:676,96,0,6
BRDA:676,96,1,2
BRDA:676,97,0,8
BRDA:676,97,1,8
BRDA:676,97,2,2
BRDA:689,98,0,2
BRDA:689,98,1,20
BRDA:698,99,0,21
BRDA:698,99,1,2
BRDA:699,100,0,23
BRDA:699,100,1,14
BRDA:699,100,2,12
BRDA:699,100,3,8
BRF:216
BRH:203
end_of_record
TN:
SF:src/services/contract.service.ts
FN:11,(anonymous_0)
FN:97,(anonymous_1)
FN:172,(anonymous_2)
FN:263,(anonymous_3)
FN:306,(anonymous_4)
FN:343,(anonymous_5)
FN:381,(anonymous_6)
FNF:7
FNH:0
FNDA:0,(anonymous_0)
FNDA:0,(anonymous_1)
FNDA:0,(anonymous_2)
FNDA:0,(anonymous_3)
FNDA:0,(anonymous_4)
FNDA:0,(anonymous_5)
FNDA:0,(anonymous_6)
DA:1,0
DA:8,0
DA:9,0
DA:20,0
DA:23,0
DA:24,0
DA:27,0
DA:28,0
DA:33,0
DA:34,0
DA:37,0
DA:38,0
DA:41,0
DA:42,0
DA:46,0
DA:51,0
DA:52,0
DA:56,0
DA:57,0
DA:61,0
DA:90,0
DA:91,0
DA:94,0
DA:99,0
DA:100,0
DA:103,0
DA:134,0
DA:135,0
DA:139,0
DA:142,0
DA:146,0
DA:178,0
DA:179,0
DA:183,0
DA:189,0
DA:190,0
DA:194,0
DA:195,0
DA:196,0
DA:203,0
DA:204,0
DA:206,0
DA:207,0
DA:213,0
DA:214,0
DA:215,0
DA:218,0
DA:219,0
DA:222,0
DA:227,0
DA:233,0
DA:255,0
DA:256,0
DA:259,0
DA:265,0
DA:266,0
DA:269,0
DA:300,0
DA:301,0
DA:306,0
DA:307,0
DA:310,0
DA:314,0
DA:340,0
DA:344,0
DA:375,0
DA:376,0
DA:381,0
DA:382,0
DA:385,0
DA:389,0
DA:415,0
DA:419,0
LF:73
LH:0
BRDA:23,0,0,0
BRDA:23,0,1,0
BRDA:23,1,0,0
BRDA:23,1,1,0
BRDA:27,2,0,0
BRDA:27,2,1,0
BRDA:27,3,0,0
BRDA:27,3,1,0
BRDA:33,4,0,0
BRDA:33,4,1,0
BRDA:33,5,0,0
BRDA:33,5,1,0
BRDA:37,6,0,0
BRDA:37,6,1,0
BRDA:37,7,0,0
BRDA:37,7,1,0
BRDA:41,8,0,0
BRDA:41,8,1,0
BRDA:41,9,0,0
BRDA:41,9,1,0
BRDA:51,10,0,0
BRDA:51,10,1,0
BRDA:51,11,0,0
BRDA:51,11,1,0
BRDA:51,11,2,0
BRDA:56,12,0,0
BRDA:56,12,1,0
BRDA:90,13,0,0
BRDA:90,13,1,0
BRDA:99,14,0,0
BRDA:99,14,1,0
BRDA:134,15,0,0
BRDA:134,15,1,0
BRDA:134,16,0,0
BRDA:134,16,1,0
BRDA:139,17,0,0
BRDA:139,17,1,0
BRDA:142,18,0,0
BRDA:142,18,1,0
BRDA:178,19,0,0
BRDA:178,19,1,0
BRDA:189,20,0,0
BRDA:189,20,1,0
BRDA:189,21,0,0
BRDA:189,21,1,0
BRDA:195,22,0,0
BRDA:195,22,1,0
BRDA:204,23,0,0
BRDA:204,23,1,0
BRDA:206,24,0,0
BRDA:206,24,1,0
BRDA:213,25,0,0
BRDA:213,25,1,0
BRDA:214,26,0,0
BRDA:214,26,1,0
BRDA:214,27,0,0
BRDA:214,27,1,0
BRDA:218,28,0,0
BRDA:218,28,1,0
BRDA:218,29,0,0
BRDA:218,29,1,0
BRDA:222,30,0,0
BRDA:222,30,1,0
BRDA:223,31,0,0
BRDA:223,31,1,0
BRDA:223,31,2,0
BRDA:255,32,0,0
BRDA:255,32,1,0
BRDA:265,33,0,0
BRDA:265,33,1,0
BRDA:300,34,0,0
BRDA:300,34,1,0
BRDA:306,35,0,0
BRDA:306,35,1,0
BRDA:307,36,0,0
BRDA:307,36,1,0
BRDA:310,37,0,0
BRDA:310,37,1,0
BRDA:375,38,0,0
BRDA:375,38,1,0
BRDA:381,39,0,0
BRDA:381,39,1,0
BRDA:382,40,0,0
BRDA:382,40,1,0
BRDA:385,41,0,0
BRDA:385,41,1,0
BRF:86
BRH:0
end_of_record
TN:
SF:src/services/email.service.ts
FN:48,createTransporter
FN:90,sendEmail
FN:132,sendPasswordResetEmail
FN:186,sendWithdrawalRefundEmail
FN:231,sendAccountDeletionEmail
FNF:5
FNH:0
FNDA:0,createTransporter
FNDA:0,sendEmail
FNDA:0,sendPasswordResetEmail
FNDA:0,sendWithdrawalRefundEmail
FNDA:0,sendAccountDeletionEmail
DA:10,0
DA:14,0
DA:15,0
DA:17,0
DA:18,0
DA:49,0
DA:50,0
DA:59,0
DA:60,0
DA:61,0
DA:63,0
DA:65,0
DA:75,0
DA:82,0
DA:90,0
DA:91,0
DA:93,0
DA:94,0
DA:99,0
DA:102,0
DA:105,0
DA:107,0
DA:115,0
DA:117,0
DA:118,0
DA:132,0
DA:137,0
DA:138,0
DA:140,0
DA:173,0
DA:186,0
DA:191,0
DA:220,0
DA:231,0
DA:232,0
DA:234,0
DA:273,0
DA:281,0
LF:38
LH:0
BRDA:49,0,0,0
BRDA:49,0,1,0
BRDA:63,1,0,0
BRDA:63,1,1,0
BRDA:63,2,0,0
BRDA:63,2,1,0
BRDA:63,2,2,0
BRDA:76,3,0,0
BRDA:76,3,1,0
BRDA:77,4,0,0
BRDA:77,4,1,0
BRDA:79,5,0,0
BRDA:79,5,1,0
BRDA:79,6,0,0
BRDA:79,6,1,0
BRDA:93,7,0,0
BRDA:93,7,1,0
BRDA:93,8,0,0
BRDA:93,8,1,0
BRDA:105,9,0,0
BRDA:105,9,1,0
BRDA:112,10,0,0
BRDA:112,10,1,0
BRDA:119,11,0,0
BRDA:119,11,1,0
BRDA:137,12,0,0
BRDA:137,12,1,0
BRDA:138,13,0,0
BRDA:138,13,1,0
BRDA:232,14,0,0
BRDA:232,14,1,0
BRF:31
BRH:0
end_of_record
TN:
SF:src/services/escrow.service.ts
FN:14,(anonymous_0)
FN:26,(anonymous_1)
FN:43,(anonymous_2)
FN:58,(anonymous_3)
FN:69,(anonymous_4)
FNF:5
FNH:0
FNDA:0,(anonymous_0)
FNDA:0,(anonymous_1)
FNDA:0,(anonymous_2)
FNDA:0,(anonymous_3)
FNDA:0,(anonymous_4)
DA:1,0
DA:2,0
DA:3,0
DA:4,0
DA:5,0
DA:11,0
DA:16,0
DA:18,0
DA:19,0
DA:27,0
DA:28,0
DA:30,0
DA:44,0
DA:45,0
DA:46,0
DA:47,0
DA:51,0
DA:59,0
DA:75,0
DA:77,0
DA:78,0
DA:81,0
DA:82,0
DA:83,0
DA:86,0
DA:89,0
DA:93,0
DA:103,0
DA:106,0
DA:107,0
DA:112,0
DA:113,0
DA:116,0
DA:119,0
DA:122,0
DA:123,0
DA:136,0
DA:145,0
LF:38
LH:0
BRDA:18,0,0,0
BRDA:18,0,1,0
BRDA:32,1,0,0
BRDA:32,1,1,0
BRDA:106,2,0,0
BRDA:106,2,1,0
BRDA:112,3,0,0
BRDA:112,3,1,0
BRDA:122,4,0,0
BRDA:122,4,1,0
BRF:10
BRH:0
end_of_record
TN:
SF:src/services/profile.service.ts
FN:16,(anonymous_0)
FN:84,(anonymous_1)
FN:125,(anonymous_2)
FNF:3
FNH:3
FNDA:3,(anonymous_0)
FNDA:13,(anonymous_1)
FNDA:7,(anonymous_2)
DA:6,2
DA:7,2
DA:18,3
DA:24,3
DA:25,1
DA:28,2
DA:29,0
DA:36,2
DA:52,2
DA:53,0
DA:59,2
DA:60,0
DA:64,2
DA:85,13
DA:91,13
DA:93,4
DA:94,2
DA:96,2
DA:99,9
DA:100,1
DA:104,8
DA:127,7
DA:128,7
DA:129,1
DA:133,6
DA:134,2
DA:138,4
DA:140,4
DA:141,1
DA:144,4
DA:145,3
DA:148,4
DA:149,0
DA:152,4
DA:153,0
DA:156,4
DA:157,1
DA:160,4
DA:161,0
DA:164,4
DA:165,1
DA:169,4
DA:176,4
DA:177,1
DA:180,3
DA:181,0
DA:185,3
DA:201,2
LF:48
LH:41
BRDA:24,0,0,1
BRDA:24,0,1,2
BRDA:28,1,0,0
BRDA:28,1,1,2
BRDA:28,2,0,2
BRDA:28,2,1,2
BRDA:52,3,0,0
BRDA:52,3,1,2
BRDA:59,4,0,0
BRDA:59,4,1,2
BRDA:70,5,0,2
BRDA:70,5,1,0
BRDA:72,6,0,2
BRDA:72,6,1,0
BRDA:91,7,0,4
BRDA:91,7,1,9
BRDA:93,8,0,2
BRDA:93,8,1,2
BRDA:99,9,0,1
BRDA:99,9,1,8
BRDA:110,10,0,7
BRDA:110,10,1,1
BRDA:112,11,0,8
BRDA:112,11,1,0
BRDA:128,12,0,1
BRDA:128,12,1,6
BRDA:133,13,0,2
BRDA:133,13,1,4
BRDA:133,14,0,6
BRDA:133,14,1,5
BRDA:140,15,0,1
BRDA:140,15,1,3
BRDA:141,16,0,0
BRDA:141,16,1,1
BRDA:144,17,0,3
BRDA:144,17,1,1
BRDA:145,18,0,1
BRDA:145,18,1,2
BRDA:148,19,0,0
BRDA:148,19,1,4
BRDA:149,20,0,0
BRDA:149,20,1,0
BRDA:152,21,0,0
BRDA:152,21,1,4
BRDA:153,22,0,0
BRDA:153,22,1,0
BRDA:156,23,0,1
BRDA:156,23,1,3
BRDA:157,24,0,0
BRDA:157,24,1,1
BRDA:160,25,0,0
BRDA:160,25,1,4
BRDA:164,26,0,1
BRDA:164,26,1,3
BRDA:165,27,0,1
BRDA:165,27,1,0
BRDA:176,28,0,1
BRDA:176,28,1,3
BRDA:180,29,0,0
BRDA:180,29,1,3
BRDA:191,30,0,3
BRDA:191,30,1,0
BRDA:193,31,0,3
BRDA:193,31,1,0
BRF:64
BRH:45
end_of_record
TN:
SF:src/services/project.service.ts
FN:38,(anonymous_0)
FN:64,(anonymous_1)
FN:78,(anonymous_2)
FN:84,(anonymous_3)
FN:103,(anonymous_4)
FN:192,(anonymous_5)
FN:234,(anonymous_6)
FN:355,(anonymous_7)
FN:394,(anonymous_8)
FN:435,(anonymous_9)
FN:456,(anonymous_10)
FN:461,(anonymous_11)
FN:498,(anonymous_12)
FN:499,(anonymous_13)
FN:509,(anonymous_14)
FN:539,(anonymous_15)
FN:546,(anonymous_16)
FN:547,(anonymous_17)
FN:552,(anonymous_18)
FN:578,(anonymous_19)
FN:579,(anonymous_20)
FNF:21
FNH:1
FNDA:0,(anonymous_0)
FNDA:0,(anonymous_1)
FNDA:0,(anonymous_2)
FNDA:0,(anonymous_3)
FNDA:0,(anonymous_4)
FNDA:0,(anonymous_5)
FNDA:11,(anonymous_6)
FNDA:0,(anonymous_7)
FNDA:0,(anonymous_8)
FNDA:0,(anonymous_9)
FNDA:0,(anonymous_10)
FNDA:0,(anonymous_11)
FNDA:0,(anonymous_12)
FNDA:0,(anonymous_13)
FNDA:0,(anonymous_14)
FNDA:0,(anonymous_15)
FNDA:0,(anonymous_16)
FNDA:0,(anonymous_17)
FNDA:0,(anonymous_18)
FNDA:0,(anonymous_19)
FNDA:0,(anonymous_20)
DA:6,1
DA:7,1
DA:23,1
DA:24,1
DA:25,1
DA:26,1
DA:29,1
DA:30,1
DA:32,1
DA:38,1
DA:39,0
DA:41,0
DA:42,0
DA:43,0
DA:44,0
DA:46,0
DA:48,0
DA:49,0
DA:64,1
DA:65,0
DA:71,0
DA:72,0
DA:78,1
DA:79,0
DA:80,0
DA:81,0
DA:84,1
DA:85,0
DA:91,0
DA:93,0
DA:100,0
DA:103,1
DA:108,0
DA:114,0
DA:115,0
DA:118,0
DA:119,0
DA:122,0
DA:123,0
DA:130,0
DA:131,0
DA:138,0
DA:144,0
DA:145,0
DA:146,0
DA:147,0
DA:148,0
DA:157,0
DA:159,0
DA:160,0
DA:161,0
DA:162,0
DA:163,0
DA:164,0
DA:165,0
DA:166,0
DA:167,0
DA:168,0
DA:169,0
DA:170,0
DA:171,0
DA:173,0
DA:174,0
DA:177,0
DA:184,0
DA:185,0
DA:189,0
DA:192,1
DA:194,0
DA:200,0
DA:201,0
DA:204,0
DA:205,0
DA:208,0
DA:209,0
DA:216,0
DA:223,0
DA:224,0
DA:231,0
DA:234,1
DA:241,11
DA:247,11
DA:248,1
DA:251,10
DA:252,1
DA:259,9
DA:260,1
DA:263,8
DA:264,8
DA:265,1
DA:268,7
DA:269,1
DA:276,6
DA:277,1
DA:284,5
DA:285,5
DA:286,1
DA:293,4
DA:294,1
DA:301,3
DA:303,3
DA:304,3
DA:311,2
DA:322,2
DA:323,1
DA:324,1
DA:331,1
DA:338,1
DA:339,1
DA:340,1
DA:346,0
DA:356,0
DA:358,0
DA:376,0
DA:382,0
DA:383,0
DA:386,0
DA:387,0
DA:390,0
DA:391,0
DA:394,0
DA:400,0
DA:401,0
DA:405,0
DA:407,0
DA:408,0
DA:413,0
DA:414,0
DA:419,0
DA:420,0
DA:421,0
DA:425,0
DA:429,0
DA:436,0
DA:445,0
DA:446,0
DA:447,0
DA:450,0
DA:452,0
DA:456,0
DA:458,0
DA:470,0
DA:472,0
DA:479,0
DA:480,0
DA:483,0
DA:484,0
DA:485,0
DA:486,0
DA:488,0
DA:489,0
DA:490,0
DA:492,0
DA:494,0
DA:495,0
DA:498,0
DA:499,0
DA:500,0
DA:503,0
DA:511,0
DA:540,0
DA:541,0
DA:543,0
DA:546,0
DA:547,0
DA:556,0
DA:557,0
DA:559,0
DA:560,0
DA:561,0
DA:562,0
DA:567,0
DA:569,0
DA:570,0
DA:571,0
DA:575,0
DA:579,0
DA:583,1
LF:178
LH:47
BRDA:41,0,0,0
BRDA:41,0,1,0
BRDA:42,1,0,0
BRDA:42,1,1,0
BRDA:43,2,0,0
BRDA:43,2,1,0
BRDA:44,3,0,0
BRDA:44,3,1,0
BRDA:48,4,0,0
BRDA:48,4,1,0
BRDA:71,5,0,0
BRDA:71,5,1,0
BRDA:74,6,0,0
BRDA:74,6,1,0
BRDA:79,7,0,0
BRDA:79,7,1,0
BRDA:80,8,0,0
BRDA:80,8,1,0
BRDA:91,9,0,0
BRDA:91,9,1,0
BRDA:114,10,0,0
BRDA:114,10,1,0
BRDA:114,11,0,0
BRDA:114,11,1,0
BRDA:118,12,0,0
BRDA:118,12,1,0
BRDA:122,13,0,0
BRDA:122,13,1,0
BRDA:130,14,0,0
BRDA:130,14,1,0
BRDA:130,15,0,0
BRDA:130,15,1,0
BRDA:134,16,0,0
BRDA:134,16,1,0
BRDA:138,17,0,0
BRDA:138,17,1,0
BRDA:144,18,0,0
BRDA:144,18,1,0
BRDA:145,19,0,0
BRDA:145,19,1,0
BRDA:147,20,0,0
BRDA:147,20,1,0
BRDA:159,21,0,0
BRDA:159,21,1,0
BRDA:160,22,0,0
BRDA:160,22,1,0
BRDA:161,23,0,0
BRDA:161,23,1,0
BRDA:162,24,0,0
BRDA:162,24,1,0
BRDA:163,25,0,0
BRDA:163,25,1,0
BRDA:164,26,0,0
BRDA:164,26,1,0
BRDA:165,27,0,0
BRDA:165,27,1,0
BRDA:166,28,0,0
BRDA:166,28,1,0
BRDA:167,29,0,0
BRDA:167,29,1,0
BRDA:168,30,0,0
BRDA:168,30,1,0
BRDA:169,31,0,0
BRDA:169,31,1,0
BRDA:170,32,0,0
BRDA:170,32,1,0
BRDA:171,33,0,0
BRDA:171,33,1,0
BRDA:173,34,0,0
BRDA:173,34,1,0
BRDA:184,35,0,0
BRDA:184,35,1,0
BRDA:200,36,0,0
BRDA:200,36,1,0
BRDA:200,37,0,0
BRDA:200,37,1,0
BRDA:204,38,0,0
BRDA:204,38,1,0
BRDA:208,39,0,0
BRDA:208,39,1,0
BRDA:223,40,0,0
BRDA:223,40,1,0
BRDA:247,41,0,1
BRDA:247,41,1,10
BRDA:247,42,0,11
BRDA:247,42,1,10
BRDA:251,43,0,1
BRDA:251,43,1,9
BRDA:259,44,0,1
BRDA:259,44,1,8
BRDA:264,45,0,1
BRDA:264,45,1,7
BRDA:268,46,0,1
BRDA:268,46,1,6
BRDA:276,47,0,1
BRDA:276,47,1,5
BRDA:285,48,0,1
BRDA:285,48,1,4
BRDA:285,49,0,5
BRDA:285,49,1,5
BRDA:293,50,0,1
BRDA:293,50,1,3
BRDA:303,51,0,3
BRDA:303,51,1,3
BRDA:322,52,0,1
BRDA:322,52,1,1
BRDA:339,53,0,1
BRDA:339,53,1,0
BRDA:343,54,0,1
BRDA:343,54,1,0
BRDA:365,55,0,0
BRDA:365,55,1,0
BRDA:367,56,0,0
BRDA:367,56,1,0
BRDA:368,57,0,0
BRDA:368,57,1,0
BRDA:369,58,0,0
BRDA:369,58,1,0
BRDA:370,59,0,0
BRDA:370,59,1,0
BRDA:373,60,0,0
BRDA:373,60,1,0
BRDA:382,61,0,0
BRDA:382,61,1,0
BRDA:386,62,0,0
BRDA:386,62,1,0
BRDA:390,63,0,0
BRDA:390,63,1,0
BRDA:400,64,0,0
BRDA:400,64,1,0
BRDA:407,65,0,0
BRDA:407,65,1,0
BRDA:413,66,0,0
BRDA:413,66,1,0
BRDA:419,67,0,0
BRDA:419,67,1,0
BRDA:431,68,0,0
BRDA:431,68,1,0
BRDA:445,69,0,0
BRDA:445,69,1,0
BRDA:446,70,0,0
BRDA:446,70,1,0
BRDA:450,71,0,0
BRDA:450,71,1,0
BRDA:456,72,0,0
BRDA:456,72,1,0
BRDA:463,73,0,0
BRDA:464,74,0,0
BRDA:479,75,0,0
BRDA:479,75,1,0
BRDA:483,76,0,0
BRDA:483,76,1,0
BRDA:484,77,0,0
BRDA:484,77,1,0
BRDA:485,78,0,0
BRDA:485,78,1,0
BRDA:486,79,0,0
BRDA:486,79,1,0
BRDA:494,80,0,0
BRDA:494,80,1,0
BRDA:498,81,0,0
BRDA:498,81,1,0
BRDA:499,82,0,0
BRDA:499,82,1,0
BRDA:505,83,0,0
BRDA:505,83,1,0
BRDA:521,84,0,0
BRDA:521,84,1,0
BRDA:534,85,0,0
BRDA:534,85,1,0
BRDA:540,86,0,0
BRDA:540,86,1,0
BRDA:540,87,0,0
BRDA:540,87,1,0
BRDA:546,88,0,0
BRDA:546,88,1,0
BRDA:570,89,0,0
BRDA:570,89,1,0
BRF:178
BRH:26
end_of_record
TN:
SF:src/services/role.service.ts
FN:33,becomeFreelancer
FN:81,becomeClient
FNF:2
FNH:2
FNDA:6,becomeFreelancer
FNDA:6,becomeClient
DA:6,2
DA:7,2
DA:33,2
DA:35,6
DA:36,6
DA:37,2
DA:41,4
DA:47,4
DA:48,2
DA:52,2
DA:62,2
DA:63,1
DA:69,1
DA:81,2
DA:83,6
DA:84,6
DA:85,2
DA:89,4
DA:95,4
DA:96,2
DA:100,2
DA:110,2
DA:111,1
DA:117,1
LF:24
LH:24
BRDA:36,0,0,2
BRDA:36,0,1,4
BRDA:47,1,0,2
BRDA:47,1,1,2
BRDA:47,2,0,4
BRDA:47,2,1,2
BRDA:62,3,0,1
BRDA:62,3,1,1
BRDA:62,4,0,2
BRDA:62,4,1,1
BRDA:84,5,0,2
BRDA:84,5,1,4
BRDA:95,6,0,2
BRDA:95,6,1,2
BRDA:95,7,0,4
BRDA:95,7,1,2
BRDA:110,8,0,1
BRDA:110,8,1,1
BRDA:110,9,0,2
BRDA:110,9,1,1
BRF:20
BRH:20
end_of_record
TN:
SF:src/services/task.service.ts
FN:15,(anonymous_0)
FN:25,(anonymous_1)
FN:91,(anonymous_2)
FN:140,(anonymous_3)
FN:162,(anonymous_4)
FN:215,(anonymous_5)
FNF:6
FNH:5
FNDA:1,(anonymous_0)
FNDA:8,(anonymous_1)
FNDA:0,(anonymous_2)
FNDA:3,(anonymous_3)
FNDA:2,(anonymous_4)
FNDA:1,(anonymous_5)
DA:6,1
DA:9,1
DA:10,1
DA:16,1
DA:26,8
DA:29,8
DA:35,8
DA:36,1
DA:40,7
DA:41,1
DA:45,6
DA:46,1
DA:50,5
DA:56,5
DA:57,1
DA:61,4
DA:62,0
DA:65,4
DA:66,4
DA:67,4
DA:70,4
DA:71,4
DA:72,4
DA:79,4
DA:81,0
DA:82,0
DA:84,0
DA:86,0
DA:87,0
DA:91,0
DA:96,4
DA:112,3
DA:113,0
DA:117,3
DA:119,3
DA:127,3
DA:128,0
DA:132,3
DA:141,3
DA:147,3
DA:148,2
DA:149,1
DA:151,1
DA:154,1
DA:170,2
DA:171,2
DA:172,2
DA:173,2
DA:177,2
DA:178,2
DA:186,0
DA:194,2
DA:196,2
DA:197,1
DA:200,1
DA:216,1
DA:222,1
DA:223,0
DA:226,1
DA:230,1
LF:60
LH:49
BRDA:35,0,0,1
BRDA:35,0,1,7
BRDA:35,1,0,8
BRDA:35,1,1,7
BRDA:40,2,0,1
BRDA:40,2,1,6
BRDA:45,3,0,1
BRDA:45,3,1,5
BRDA:56,4,0,1
BRDA:56,4,1,4
BRDA:61,5,0,0
BRDA:61,5,1,4
BRDA:61,6,0,4
BRDA:61,6,1,4
BRDA:77,7,0,4
BRDA:77,7,1,0
BRDA:84,8,0,0
BRDA:84,8,1,0
BRDA:112,9,0,0
BRDA:112,9,1,3
BRDA:117,10,0,2
BRDA:117,10,1,1
BRDA:127,11,0,0
BRDA:127,11,1,3
BRDA:147,12,0,2
BRDA:147,12,1,1
BRDA:148,13,0,1
BRDA:148,13,1,1
BRDA:170,14,0,2
BRDA:170,14,1,0
BRDA:171,15,0,2
BRDA:171,15,1,0
BRDA:177,16,0,2
BRDA:177,16,1,0
BRDA:196,17,0,1
BRDA:196,17,1,1
BRDA:205,18,0,1
BRDA:205,18,1,1
BRDA:222,19,0,0
BRDA:222,19,1,1
BRF:40
BRH:30
end_of_record
TN:
SF:src/services/user.service.ts
FN:18,(anonymous_10)
FN:58,(anonymous_11)
FN:72,(anonymous_12)
FN:93,(anonymous_13)
FN:122,(anonymous_14)
FN:172,(anonymous_15)
FN:199,(anonymous_16)
FN:260,(anonymous_17)
FN:331,(anonymous_18)
FNF:9
FNH:0
FNDA:0,(anonymous_10)
FNDA:0,(anonymous_11)
FNDA:0,(anonymous_12)
FNDA:0,(anonymous_13)
FNDA:0,(anonymous_14)
FNDA:0,(anonymous_15)
FNDA:0,(anonymous_16)
FNDA:0,(anonymous_17)
FNDA:0,(anonymous_18)
DA:6,0
DA:7,0
DA:15,0
DA:20,0
DA:26,0
DA:27,0
DA:30,0
DA:36,0
DA:38,0
DA:53,0
DA:55,0
DA:59,0
DA:67,0
DA:69,0
DA:73,0
DA:79,0
DA:82,0
DA:84,0
DA:95,0
DA:96,0
DA:100,0
DA:101,0
DA:108,0
DA:111,0
DA:118,0
DA:119,0
DA:125,0
DA:127,0
DA:142,0
DA:143,0
DA:149,0
DA:150,0
DA:154,0
DA:155,0
DA:158,0
DA:160,0
DA:162,0
DA:163,0
DA:166,0
DA:174,0
DA:175,0
DA:176,0
DA:180,0
DA:192,0
DA:193,0
DA:196,0
DA:203,0
DA:204,0
DA:205,0
DA:207,0
DA:208,0
DA:215,0
DA:216,0
DA:220,0
DA:224,0
DA:225,0
DA:228,0
DA:229,0
DA:233,0
DA:242,0
DA:243,0
DA:246,0
DA:266,0
DA:267,0
DA:274,0
DA:280,0
DA:281,0
DA:285,0
DA:286,0
DA:293,0
DA:294,0
DA:301,0
DA:302,0
DA:303,0
DA:307,0
DA:310,0
DA:311,0
DA:314,0
DA:323,0
DA:324,0
DA:325,0
DA:329,0
DA:330,0
DA:331,0
DA:332,0
DA:335,0
DA:340,0
DA:360,0
DA:361,0
DA:362,0
DA:367,0
LF:91
LH:0
BRDA:26,0,0,0
BRDA:26,0,1,0
BRDA:36,1,0,0
BRDA:36,1,1,0
BRDA:47,2,0,0
BRDA:47,2,1,0
BRDA:53,3,0,0
BRDA:53,3,1,0
BRDA:67,4,0,0
BRDA:67,4,1,0
BRDA:79,5,0,0
BRDA:79,5,1,0
BRDA:79,6,0,0
BRDA:79,6,1,0
BRDA:82,7,0,0
BRDA:82,7,1,0
BRDA:87,8,0,0
BRDA:87,8,1,0
BRDA:89,9,0,0
BRDA:89,9,1,0
BRDA:95,10,0,0
BRDA:95,10,1,0
BRDA:95,11,0,0
BRDA:95,11,1,0
BRDA:100,12,0,0
BRDA:100,12,1,0
BRDA:108,13,0,0
BRDA:108,13,1,0
BRDA:118,14,0,0
BRDA:118,14,1,0
BRDA:125,15,0,0
BRDA:125,16,0,0
BRDA:142,17,0,0
BRDA:142,17,1,0
BRDA:149,18,0,0
BRDA:149,18,1,0
BRDA:162,19,0,0
BRDA:162,19,1,0
BRDA:167,20,0,0
BRDA:167,20,1,0
BRDA:168,21,0,0
BRDA:168,21,1,0
BRDA:175,22,0,0
BRDA:175,22,1,0
BRDA:192,23,0,0
BRDA:192,23,1,0
BRDA:204,24,0,0
BRDA:204,24,1,0
BRDA:207,25,0,0
BRDA:207,25,1,0
BRDA:207,26,0,0
BRDA:207,26,1,0
BRDA:215,27,0,0
BRDA:215,27,1,0
BRDA:224,28,0,0
BRDA:224,28,1,0
BRDA:228,29,0,0
BRDA:228,29,1,0
BRDA:242,30,0,0
BRDA:242,30,1,0
BRDA:266,31,0,0
BRDA:266,31,1,0
BRDA:280,32,0,0
BRDA:280,32,1,0
BRDA:280,33,0,0
BRDA:280,33,1,0
BRDA:285,34,0,0
BRDA:285,34,1,0
BRDA:293,35,0,0
BRDA:293,35,1,0
BRDA:302,36,0,0
BRDA:302,36,1,0
BRDA:323,37,0,0
BRDA:323,37,1,0
BRDA:329,38,0,0
BRDA:329,38,1,0
BRDA:360,39,0,0
BRDA:360,39,1,0
BRF:78
BRH:0
end_of_record
TN:
SF:src/services/wallet.service.ts
FN:24,generateInvisibleWallet
FN:77,linkExternalWallet
FN:131,connectExternalWallet
FN:199,getWalletsByUserId
FN:225,getWalletByAddress
FN:257,getPrimaryWallet
FN:293,decryptPrivateKey
FN:316,deleteWallet
FN:340,getWalletById
FN:374,getWalletDetailsForUser
FN:409,disconnectWallet
FN:452,(anonymous_11)
FN:484,getStellarBalance
FN:554,(anonymous_13)
FN:590,setPrimaryWallet
FNF:15
FNH:9
FNDA:0,generateInvisibleWallet
FNDA:0,linkExternalWallet
FNDA:0,connectExternalWallet
FNDA:3,getWalletsByUserId
FNDA:0,getWalletByAddress
FNDA:0,getPrimaryWallet
FNDA:0,decryptPrivateKey
FNDA:2,deleteWallet
FNDA:24,getWalletById
FNDA:4,getWalletDetailsForUser
FNDA:6,disconnectWallet
FNDA:2,(anonymous_11)
FNDA:6,getStellarBalance
FNDA:4,(anonymous_13)
FNDA:6,setPrimaryWallet
DA:1,3
DA:2,3
DA:3,3
DA:11,3
DA:24,3
DA:27,0
DA:29,0
DA:30,0
DA:31,0
DA:34,0
DA:37,0
DA:50,0
DA:51,0
DA:57,0
DA:63,0
DA:64,0
DA:77,3
DA:81,0
DA:83,0
DA:89,0
DA:90,0
DA:94,0
DA:106,0
DA:107,0
DA:113,0
DA:115,0
DA:116,0
DA:131,3
DA:136,0
DA:138,0
DA:139,0
DA:143,0
DA:144,0
DA:145,0
DA:152,0
DA:158,0
DA:159,0
DA:163,0
DA:177,0
DA:178,0
DA:184,0
DA:186,0
DA:187,0
DA:199,3
DA:200,3
DA:201,3
DA:206,3
DA:207,0
DA:210,3
DA:212,0
DA:213,0
DA:225,3
DA:228,0
DA:229,0
DA:235,0
DA:236,0
DA:237,0
DA:239,0
DA:242,0
DA:244,0
DA:245,0
DA:257,3
DA:258,0
DA:259,0
DA:267,0
DA:268,0
DA:269,0
DA:271,0
DA:277,0
DA:279,0
DA:280,0
DA:293,3
DA:294,0
DA:295,0
DA:298,0
DA:299,0
DA:302,0
DA:303,0
DA:305,0
DA:316,3
DA:317,2
DA:318,2
DA:323,2
DA:324,0
DA:327,0
DA:328,0
DA:340,3
DA:341,24
DA:342,24
DA:348,24
DA:349,5
DA:350,5
DA:352,0
DA:355,19
DA:357,0
DA:358,0
DA:374,3
DA:378,4
DA:380,4
DA:381,1
DA:384,3
DA:385,1
DA:392,2
DA:409,3
DA:413,6
DA:415,6
DA:417,6
DA:418,1
DA:422,5
DA:423,1
DA:431,4
DA:432,1
DA:440,3
DA:442,3
DA:443,1
DA:451,2
DA:453,2
DA:455,2
DA:458,2
DA:463,4
DA:464,0
DA:474,3
DA:475,3
DA:484,3
DA:488,6
DA:489,6
DA:492,6
DA:493,6
DA:495,1
DA:497,1
DA:499,0
DA:500,0
DA:503,1
DA:505,0
DA:506,0
DA:510,1
DA:513,5
DA:515,5
DA:517,5
DA:518,1
DA:521,4
DA:522,1
DA:527,3
DA:530,3
DA:531,3
DA:533,1
DA:534,1
DA:540,0
DA:541,0
DA:547,0
DA:551,2
DA:554,4
DA:564,2
DA:569,2
DA:571,3
DA:573,0
DA:590,3
DA:591,6
DA:593,6
DA:595,6
DA:596,1
DA:600,5
DA:601,1
DA:606,4
DA:611,4
DA:612,1
DA:616,3
DA:623,3
DA:624,1
DA:627,2
DA:630,4
DA:631,0
LF:172
LH:92
BRDA:50,0,0,0
BRDA:50,0,1,0
BRDA:63,1,0,0
BRDA:63,1,1,0
BRDA:65,2,0,0
BRDA:65,2,1,0
BRDA:89,3,0,0
BRDA:89,3,1,0
BRDA:106,4,0,0
BRDA:106,4,1,0
BRDA:115,5,0,0
BRDA:115,5,1,0
BRDA:117,6,0,0
BRDA:117,6,1,0
[...]
BRDA:130,5,0,0
BRDA:130,5,1,0
BRDA:147,6,0,0
BRDA:147,6,1,0
BRDA:160,7,0,0
BRDA:160,7,1,0
BRDA:160,7,2,0
BRDA:170,8,0,0
BRDA:170,8,1,0
BRDA:170,9,0,0
BRDA:170,9,1,0
BRDA:186,10,0,0
BRDA:186,10,1,0
BRDA:186,11,0,0
BRDA:186,11,1,0
BRDA:202,12,0,0
BRDA:202,12,1,0
BRDA:214,13,0,0
BRDA:214,13,1,0
BRDA:215,14,0,0
BRDA:215,14,1,0
BRDA:219,15,0,0
BRDA:219,15,1,0
BRDA:233,16,0,0
BRDA:233,16,1,0
BRDA:243,17,0,0
BRDA:243,17,1,0
BRDA:244,18,0,0
BRDA:244,18,1,0
BRDA:250,19,0,0
BRDA:250,19,1,0
BRDA:270,20,0,0
BRDA:270,20,1,0
BRDA:270,21,0,0
BRDA:270,21,1,0
BRDA:274,22,0,0
BRDA:274,22,1,0
BRDA:293,23,0,0
BRDA:293,23,1,0
BRDA:309,24,0,0
BRDA:309,24,1,0
BRDA:309,25,0,0
BRDA:309,25,1,0
BRDA:320,26,0,0
BRDA:320,26,1,0
BRF:55
BRH:0
end_of_record
TN:
SF:src/services/oauth/oauth-factory.service.ts
FN:26,getOAuthService
FN:66,clearOAuthServiceCache
FNF:2
FNH:0
FNDA:0,getOAuthService
FNDA:0,clearOAuthServiceCache
DA:6,0
DA:8,0
DA:9,0
DA:10,0
DA:11,0
DA:12,0
DA:13,0
DA:18,0
DA:26,0
DA:28,0
DA:29,0
DA:33,0
DA:34,0
DA:40,0
DA:42,0
DA:43,0
DA:45,0
DA:46,0
DA:48,0
DA:49,0
DA:51,0
DA:52,0
DA:54,0
DA:58,0
DA:60,0
DA:66,0
DA:67,0
LF:27
LH:0
BRDA:28,0,0,0
BRDA:28,0,1,0
BRDA:33,1,0,0
BRDA:33,1,1,0
BRDA:40,2,0,0
BRDA:40,2,1,0
BRDA:40,2,2,0
BRDA:40,2,3,0
BRDA:40,2,4,0
BRF:9
BRH:0
end_of_record
TN:
SF:src/services/stellar/client-factory.ts
FN:35,(anonymous_9)
FN:61,(anonymous_10)
FN:71,(anonymous_11)
FN:78,(anonymous_12)
FN:85,(anonymous_13)
FN:105,(anonymous_14)
FN:114,(anonymous_15)
FN:121,(anonymous_16)
FN:147,(anonymous_17)
FN:155,(anonymous_18)
FN:162,(anonymous_19)
FN:188,(anonymous_20)
FN:196,(anonymous_21)
FN:203,(anonymous_22)
FN:228,(anonymous_23)
FN:229,(anonymous_24)
FN:237,(anonymous_25)
FNF:17
FNH:0
FNDA:0,(anonymous_9)
FNDA:0,(anonymous_10)
FNDA:0,(anonymous_11)
FNDA:0,(anonymous_12)
FNDA:0,(anonymous_13)
FNDA:0,(anonymous_14)
FNDA:0,(anonymous_15)
FNDA:0,(anonymous_16)
FNDA:0,(anonymous_17)
FNDA:0,(anonymous_18)
FNDA:0,(anonymous_19)
FNDA:0,(anonymous_20)
FNDA:0,(anonymous_21)
FNDA:0,(anonymous_22)
FNDA:0,(anonymous_23)
FNDA:0,(anonymous_24)
FNDA:0,(anonymous_25)
DA:1,0
DA:2,0
DA:7,0
DA:21,0
DA:22,0
DA:28,0
DA:29,0
DA:30,0
DA:37,0
DA:38,0
DA:40,0
DA:41,0
DA:48,0
DA:49,0
DA:51,0
DA:62,0
DA:63,0
DA:65,0
DA:72,0
DA:79,0
DA:90,0
DA:106,0
DA:107,0
DA:110,0
DA:114,0
DA:116,0
DA:122,0
DA:123,0
DA:127,0
DA:129,0
DA:148,0
DA:149,0
DA:152,0
DA:155,0
DA:157,0
DA:163,0
DA:164,0
DA:168,0
DA:170,0
DA:189,0
DA:190,0
DA:193,0
DA:196,0
DA:198,0
DA:204,0
DA:205,0
DA:209,0
DA:211,0
DA:229,0
DA:230,0
DA:231,0
DA:237,0
LF:52
LH:0
BRDA:40,0,0,0
BRDA:40,0,1,0
BRDA:53,1,0,0
BRDA:53,1,1,0
BRDA:62,2,0,0
BRDA:62,2,1,0
BRDA:106,3,0,0
BRDA:106,3,1,0
BRDA:132,4,0,0
BRDA:132,4,1,0
BRDA:148,5,0,0
BRDA:148,5,1,0
BRDA:173,6,0,0
BRDA:173,6,1,0
BRDA:189,7,0,0
BRDA:189,7,1,0
BRDA:214,8,0,0
BRDA:214,8,1,0
BRF:18
BRH:0
end_of_record
TN:
SF:src/types/api.type.ts
FNF:0
FNH:0
DA:23,0
LF:1
LH:0
BRF:0
BRH:0
end_of_record
TN:
SF:src/types/auth.types.ts
FN:4,(anonymous_0)
FN:56,(anonymous_1)
FN:440,(anonymous_2)
FN:501,(anonymous_3)
FN:521,(anonymous_4)
FN:542,(anonymous_5)
FNF:6
FNH:3
FNDA:2,(anonymous_0)
FNDA:2,(anonymous_1)
FNDA:2,(anonymous_2)
FNDA:0,(anonymous_3)
FNDA:0,(anonymous_4)
FNDA:0,(anonymous_5)
DA:4,2
DA:5,2
DA:6,2
DA:7,2
DA:8,2
DA:9,2
DA:56,2
DA:57,2
DA:58,2
DA:59,2
DA:60,2
DA:61,2
DA:62,2
DA:63,2
DA:64,2
DA:65,2
DA:66,2
DA:67,2
DA:440,2
DA:441,2
DA:442,2
DA:443,2
DA:444,2
DA:445,2
DA:446,2
DA:447,2
DA:448,2
DA:449,2
DA:450,2
DA:451,2
DA:452,2
DA:453,2
DA:496,2
DA:507,0
DA:508,0
DA:509,0
DA:510,0
DA:511,0
DA:515,2
DA:528,0
DA:529,0
DA:530,0
DA:531,0
DA:532,0
DA:533,0
DA:537,2
DA:548,0
DA:549,0
DA:550,0
DA:551,0
DA:552,0
LF:51
LH:35
BRDA:4,0,0,2
BRDA:4,0,1,2
BRDA:56,1,0,2
BRDA:56,1,1,2
BRDA:440,2,0,2
BRDA:440,2,1,2
BRDA:504,3,0,0
BRDA:524,4,0,0
BRDA:545,5,0,0
BRF:9
BRH:6
end_of_record
TN:
SF:src/types/balance.types.ts
FNF:0
FNH:0
DA:7,6
DA:55,6
LF:2
LH:2
BRF:0
BRH:0
end_of_record
TN:
SF:src/types/errors.types.ts
FN:53,(anonymous_0)
FN:117,(anonymous_1)
FNF:2
FNH:0
FNDA:0,(anonymous_0)
FNDA:0,(anonymous_1)
DA:53,0
DA:55,0
DA:56,0
DA:57,0
DA:58,0
DA:59,0
DA:60,0
DA:61,0
DA:62,0
DA:63,0
DA:64,0
DA:67,0
DA:68,0
DA:69,0
DA:70,0
DA:71,0
DA:72,0
DA:75,0
DA:76,0
DA:77,0
DA:78,0
DA:79,0
DA:80,0
DA:81,0
DA:82,0
DA:83,0
DA:84,0
DA:85,0
DA:88,0
DA:89,0
DA:90,0
DA:91,0
DA:92,0
DA:95,0
DA:96,0
DA:97,0
DA:98,0
DA:101,0
DA:102,0
DA:103,0
DA:104,0
DA:105,0
DA:106,0
DA:107,0
DA:110,0
DA:111,0
DA:112,0
DA:113,0
DA:117,0
DA:118,0
DA:119,0
DA:120,0
DA:121,0
LF:53
LH:0
BRDA:53,0,0,0
BRDA:53,0,1,0
BRDA:117,1,0,0
BRDA:117,1,1,0
BRF:4
BRH:0
end_of_record
TN:
SF:src/types/oauth.types.ts
FN:9,(anonymous_0)
FNF:1
FNH:0
FNDA:0,(anonymous_0)
DA:9,0
DA:10,0
DA:11,0
DA:12,0
DA:13,0
LF:5
LH:0
BRDA:9,0,0,0
BRDA:9,0,1,0
BRF:2
BRH:0
end_of_record
TN:
SF:src/types/profile.types.ts
FN:68,isProfile
FN:89,isCreateProfileDTO
FN:119,isUpdateProfileDTO
FNF:3
FNH:3
FNDA:4,isProfile
FNDA:2,isCreateProfileDTO
FNDA:3,isUpdateProfileDTO
DA:58,1
DA:68,1
DA:69,4
DA:89,1
DA:90,2
DA:119,1
DA:120,3
LF:7
LH:7
BRDA:70,0,0,4
BRDA:70,0,1,3
BRDA:70,0,2,2
BRDA:70,0,3,2
BRDA:70,0,4,2
BRDA:70,0,5,2
BRDA:70,0,6,1
BRDA:70,0,7,0
BRDA:70,0,8,1
BRDA:70,0,9,0
BRDA:70,0,10,1
BRDA:70,0,11,1
BRDA:70,0,12,1
BRDA:70,0,13,0
BRDA:70,0,14,1
BRDA:70,0,15,1
BRDA:70,0,16,0
BRDA:70,0,17,1
BRDA:70,0,18,1
BRDA:91,1,0,2
BRDA:91,1,1,2
BRDA:91,1,2,2
BRDA:91,1,3,1
BRDA:91,1,4,1
BRDA:91,1,5,1
BRDA:91,1,6,1
BRDA:91,1,7,0
BRDA:91,1,8,0
BRDA:91,1,9,1
BRDA:91,1,10,0
BRDA:91,1,11,0
BRDA:91,1,12,1
BRDA:91,1,13,0
BRDA:91,1,14,0
BRDA:91,1,15,1
BRDA:91,1,16,0
BRDA:91,1,17,0
BRDA:91,1,18,1
BRDA:91,1,19,0
BRDA:91,1,20,1
BRDA:91,1,21,0
BRDA:91,1,22,0
BRDA:121,2,0,3
BRDA:121,2,1,3
BRDA:121,2,2,3
BRDA:121,2,3,0
BRDA:121,2,4,0
BRDA:121,2,5,3
BRDA:121,2,6,2
BRDA:121,2,7,2
BRDA:121,2,8,2
BRDA:121,2,9,0
BRDA:121,2,10,0
BRDA:121,2,11,2
BRDA:121,2,12,0
BRDA:121,2,13,0
BRDA:121,2,14,2
BRDA:121,2,15,0
BRDA:121,2,16,0
BRDA:121,2,17,2
BRDA:121,2,18,0
BRDA:121,2,19,2
BRDA:121,2,20,0
BRDA:121,2,21,0
BRF:64
BRH:38
end_of_record
TN:
SF:src/types/project.type.ts
FN:18,(anonymous_0)
FNF:1
FNH:0
FNDA:0,(anonymous_0)
DA:18,0
DA:19,0
DA:20,0
DA:21,0
DA:22,0
LF:5
LH:0
BRDA:18,0,0,0
BRDA:18,0,1,0
BRF:2
BRH:0
end_of_record
TN:
SF:src/types/project.types.ts
FN:9,(anonymous_0)
FN:168,isCreateProjectDTO
FN:197,(anonymous_2)
FN:237,(anonymous_3)
FNF:4
FNH:1
FNDA:1,(anonymous_0)
FNDA:0,isCreateProjectDTO
FNDA:0,(anonymous_2)
FNDA:0,(anonymous_3)
DA:9,1
DA:10,1
DA:11,1
DA:12,1
DA:13,1
DA:14,1
DA:15,1
DA:16,1
DA:17,1
DA:18,1
DA:19,1
DA:161,1
DA:162,1
DA:163,1
DA:164,1
DA:165,1
DA:168,1
DA:169,0
DA:170,0
DA:173,0
DA:184,0
DA:187,0
DA:191,0
DA:194,0
DA:197,0
DA:199,0
DA:202,0
DA:206,0
DA:209,0
DA:213,0
DA:216,0
DA:220,0
DA:223,0
DA:227,0
DA:230,0
DA:231,0
DA:234,0
DA:237,0
DA:239,0
DA:242,0
DA:243,0
DA:246,0
DA:250,0
DA:253,0
LF:44
LH:17
BRDA:9,0,0,1
BRDA:9,0,1,1
BRDA:169,1,0,0
BRDA:169,1,1,0
BRDA:169,2,0,0
BRDA:169,2,1,0
BRDA:173,3,0,0
BRDA:173,3,1,0
BRDA:174,4,0,0
BRDA:174,4,1,0
BRDA:174,4,2,0
BRDA:174,4,3,0
BRDA:174,4,4,0
BRDA:174,4,5,0
BRDA:174,4,6,0
BRDA:174,4,7,0
BRDA:174,4,8,0
BRDA:187,5,0,0
BRDA:187,5,1,0
BRDA:188,6,0,0
BRDA:188,6,1,0
BRDA:194,7,0,0
BRDA:194,7,1,0
BRDA:195,8,0,0
BRDA:195,8,1,0
BRDA:195,8,2,0
BRDA:202,9,0,0
BRDA:202,9,1,0
BRDA:203,10,0,0
BRDA:203,10,1,0
BRDA:209,11,0,0
BRDA:209,11,1,0
BRDA:210,12,0,0
BRDA:210,12,1,0
BRDA:216,13,0,0
BRDA:216,13,1,0
BRDA:217,14,0,0
BRDA:217,14,1,0
BRDA:223,15,0,0
BRDA:223,15,1,0
BRDA:224,16,0,0
BRDA:224,16,1,0
BRDA:230,17,0,0
BRDA:230,17,1,0
BRDA:230,18,0,0
BRDA:230,18,1,0
BRDA:234,19,0,0
BRDA:234,19,1,0
BRDA:235,20,0,0
BRDA:235,20,1,0
BRDA:235,20,2,0
BRDA:242,21,0,0
BRDA:242,21,1,0
BRDA:242,22,0,0
BRDA:242,22,1,0
BRDA:246,23,0,0
BRDA:246,23,1,0
BRDA:247,24,0,0
BRDA:247,24,1,0
BRF:59
BRH:2
end_of_record
TN:
SF:src/types/withdrawal.types.ts
FN:8,(anonymous_0)
FNF:1
FNH:1
FNDA:3,(anonymous_0)
DA:8,3
DA:9,3
DA:10,3
DA:11,3
DA:12,3
DA:13,3
DA:14,3
DA:15,3
DA:16,3
DA:17,3
LF:10
LH:10
BRDA:8,0,0,3
BRDA:8,0,1,3
BRF:2
BRH:2
end_of_record
TN:
SF:src/utils/AppError.ts
FN:12,(anonymous_0)
FN:29,(anonymous_1)
FN:35,(anonymous_2)
FN:41,(anonymous_3)
FN:47,(anonymous_4)
FN:53,(anonymous_5)
FN:59,(anonymous_6)
FN:65,(anonymous_7)
FN:71,(anonymous_8)
FN:77,(anonymous_9)
FN:83,(anonymous_10)
FN:89,(anonymous_11)
FN:95,(anonymous_12)
FN:101,(anonymous_13)
FN:107,(anonymous_14)
FN:113,(anonymous_15)
FN:119,(anonymous_16)
FN:147,ErrorHandler
FN:210,(anonymous_18)
FN:220,(anonymous_19)
FN:224,(anonymous_20)
FN:228,(anonymous_21)
FN:232,(anonymous_22)
FNF:23
FNH:11
FNDA:213,(anonymous_0)
FNDA:64,(anonymous_1)
FNDA:0,(anonymous_2)
FNDA:16,(anonymous_3)
FNDA:2,(anonymous_4)
FNDA:3,(anonymous_5)
FNDA:13,(anonymous_6)
FNDA:42,(anonymous_7)
FNDA:40,(anonymous_8)
FNDA:3,(anonymous_9)
FNDA:0,(anonymous_10)
FNDA:0,(anonymous_11)
FNDA:0,(anonymous_12)
FNDA:0,(anonymous_13)
FNDA:9,(anonymous_14)
FNDA:0,(anonymous_15)
FNDA:0,(anonymous_16)
FNDA:16,ErrorHandler
FNDA:0,(anonymous_18)
FNDA:0,(anonymous_19)
FNDA:0,(anonymous_20)
FNDA:0,(anonymous_21)
FNDA:0,(anonymous_22)
DA:6,28
DA:18,213
DA:19,213
DA:20,213
DA:21,213
DA:22,213
DA:23,213
DA:28,28
DA:30,64
DA:34,28
DA:36,0
DA:40,28
DA:42,16
DA:46,28
DA:48,2
DA:52,28
DA:54,3
DA:58,28
DA:60,13
DA:64,28
DA:66,42
DA:70,28
DA:72,40
DA:76,28
DA:78,3
DA:82,28
DA:84,0
DA:88,28
DA:90,0
DA:94,28
DA:96,0
DA:100,28
DA:102,0
DA:106,28
DA:108,9
DA:112,28
DA:114,0
DA:119,28
DA:120,0
DA:121,0
DA:124,0
DA:126,0
DA:128,0
DA:130,0
DA:132,0
DA:134,0
DA:136,0
DA:138,0
DA:140,0
DA:142,0
DA:147,28
DA:153,16
DA:154,16
DA:155,16
DA:156,16
DA:158,16
DA:159,16
DA:160,16
DA:161,16
DA:162,16
DA:163,0
DA:164,0
DA:165,0
DA:166,0
DA:167,0
DA:168,0
DA:170,0
DA:171,0
DA:175,16
DA:176,0
DA:189,16
DA:206,16
DA:210,28
DA:211,0
DA:212,0
DA:215,0
DA:216,0
DA:220,28
DA:221,0
DA:224,28
DA:225,0
DA:228,28
DA:229,0
DA:232,28
DA:233,0
LF:85
LH:50
BRDA:14,0,0,0
BRDA:15,1,0,7
BRDA:41,2,0,0
BRDA:59,3,0,1
BRDA:65,4,0,20
BRDA:77,5,0,1
BRDA:120,6,0,0
BRDA:120,6,1,0
BRDA:120,7,0,0
BRDA:120,7,1,0
BRDA:124,8,0,0
BRDA:124,8,1,0
BRDA:124,8,2,0
BRDA:124,8,3,0
BRDA:124,8,4,0
BRDA:124,8,5,0
BRDA:124,8,6,0
BRDA:124,8,7,0
BRDA:124,8,8,0
BRDA:158,9,0,16
BRDA:158,9,1,0
BRDA:163,10,0,0
BRDA:163,10,1,0
BRDA:166,11,0,0
BRDA:166,11,1,0
BRDA:175,12,0,0
BRDA:175,12,1,16
BRDA:181,13,0,0
BRDA:181,13,1,0
BRDA:198,14,0,16
BRDA:198,14,1,0
BRDA:199,15,0,0
BRDA:199,15,1,0
BRDA:211,16,0,0
BRDA:211,16,1,0
BRF:35
BRH:7
end_of_record
TN:
SF:src/utils/crypto.utils.ts
FN:17,getEncryptionKey
FN:33,encrypt
FN:57,decrypt
FN:89,generateRandomString
FN:98,sha256Hash
FNF:5
FNH:0
FNDA:0,getEncryptionKey
FNDA:0,encrypt
FNDA:0,decrypt
FNDA:0,generateRandomString
FNDA:0,sha256Hash
DA:1,3
DA:8,3
DA:9,3
DA:10,3
DA:11,3
DA:18,0
DA:20,0
DA:21,0
DA:25,0
DA:33,3
DA:34,0
DA:35,0
DA:36,0
DA:38,0
DA:40,0
DA:41,0
DA:43,0
DA:46,0
DA:48,0
DA:57,3
DA:58,0
DA:59,0
DA:60,0
DA:62,0
DA:63,0
DA:66,0
DA:68,0
DA:69,0
DA:70,0
DA:72,0
DA:73,0
DA:75,0
DA:76,0
DA:78,0
DA:80,0
DA:89,3
DA:90,0
DA:98,3
DA:99,0
LF:39
LH:9
BRDA:20,0,0,0
BRDA:20,0,1,0
BRDA:48,1,0,0
BRDA:48,1,1,0
BRDA:62,2,0,0
BRDA:62,2,1,0
BRDA:80,3,0,0
BRDA:80,3,1,0
BRDA:89,4,0,0
BRF:9
BRH:0
end_of_record
TN:
SF:src/utils/jwt.utils.ts
FN:20,hashToken
FN:24,signAccessToken
FN:30,signRefreshToken
FN:44,verifyAccessToken
FN:49,verifyRefreshToken
FN:59,isTokenNearExpiration
FN:79,extractTokenFromHeader
FN:91,isValidTokenFormat
FN:104,getTokenExpiration
FN:118,isTokenExpired
FNF:10
FNH:0
FNDA:0,hashToken
FNDA:0,signAccessToken
FNDA:0,signRefreshToken
FNDA:0,verifyAccessToken
FNDA:0,verifyRefreshToken
FNDA:0,isTokenNearExpiration
FNDA:0,extractTokenFromHeader
FNDA:0,isValidTokenFormat
FNDA:0,getTokenExpiration
FNDA:0,isTokenExpired
DA:6,0
DA:8,0
DA:10,0
DA:11,0
DA:13,0
DA:14,0
DA:16,0
DA:17,0
DA:20,0
DA:21,0
DA:24,0
DA:25,0
DA:30,0
DA:31,0
DA:35,0
DA:38,0
DA:39,0
DA:41,0
DA:44,0
DA:45,0
DA:46,0
DA:49,0
DA:50,0
DA:51,0
DA:59,0
DA:60,0
DA:61,0
DA:62,0
DA:64,0
DA:65,0
DA:66,0
DA:68,0
DA:70,0
DA:79,0
DA:80,0
DA:81,0
DA:83,0
DA:91,0
DA:92,0
DA:95,0
DA:96,0
DA:104,0
DA:105,0
DA:106,0
DA:107,0
DA:109,0
DA:118,0
DA:119,0
DA:120,0
DA:122,0
LF:50
LH:0
BRDA:11,0,0,0
BRDA:11,0,1,0
BRDA:13,1,0,0
BRDA:13,1,1,0
BRDA:16,2,0,0
BRDA:16,2,1,0
BRDA:39,3,0,0
BRDA:39,3,1,0
BRDA:62,4,0,0
BRDA:62,4,1,0
BRDA:62,5,0,0
BRDA:62,5,1,0
BRDA:80,6,0,0
BRDA:80,6,1,0
BRDA:80,7,0,0
BRDA:80,7,1,0
BRDA:92,8,0,0
BRDA:92,8,1,0
BRDA:92,9,0,0
BRDA:92,9,1,0
BRDA:107,10,0,0
BRDA:107,10,1,0
BRDA:120,11,0,0
BRDA:120,11,1,0
BRF:24
BRH:0
end_of_record
TN:
SF:src/utils/logger.ts
FN:2,(anonymous_0)
FN:7,(anonymous_1)
FN:8,(anonymous_2)
FN:9,(anonymous_3)
FNF:4
FNH:2
FNDA:0,(anonymous_0)
FNDA:7,(anonymous_1)
FNDA:0,(anonymous_2)
FNDA:6,(anonymous_3)
DA:1,4
DA:3,0
DA:4,0
DA:7,7
DA:8,0
DA:9,6
LF:6
LH:3
BRDA:3,0,0,0
BRDA:3,0,1,0
BRDA:4,1,0,0
BRDA:4,1,1,0
BRDA:8,2,0,0
BRDA:8,2,1,0
BRDA:9,3,0,6
BRDA:9,3,1,0
BRF:8
BRH:1
end_of_record
TN:
SF:src/utils/oauth.utils.ts
FN:17,encryptToken
FN:37,decryptToken
FN:59,validateOAuthEmail
FN:71,normalizeOAuthProfile
FN:98,generateOAuthState
FN:105,parseOAuthProvider
FNF:6
FNH:0
FNDA:0,encryptToken
FNDA:0,decryptToken
FNDA:0,validateOAuthEmail
FNDA:0,normalizeOAuthProfile
FNDA:0,generateOAuthState
FNDA:0,parseOAuthProvider
DA:6,0
DA:7,0
DA:8,0
DA:10,0
DA:11,0
DA:12,0
DA:17,0
DA:18,0
DA:19,0
DA:22,0
DA:23,0
DA:24,0
DA:26,0
DA:27,0
DA:28,0
DA:31,0
DA:37,0
DA:38,0
DA:39,0
DA:42,0
DA:43,0
DA:44,0
DA:45,0
DA:47,0
DA:48,0
DA:50,0
DA:51,0
DA:53,0
DA:59,0
DA:60,0
DA:61,0
DA:64,0
DA:65,0
DA:71,0
DA:73,0
DA:74,0
DA:76,0
DA:77,0
DA:78,0
DA:79,0
DA:82,0
DA:98,0
DA:99,0
DA:105,0
DA:106,0
DA:107,0
DA:108,0
LF:47
LH:0
BRDA:18,0,0,0
BRDA:18,0,1,0
BRDA:38,1,0,0
BRDA:38,1,1,0
BRDA:60,2,0,0
BRDA:60,2,1,0
BRDA:60,3,0,0
BRDA:60,3,1,0
BRDA:76,4,0,0
BRDA:76,4,1,0
BRDA:76,5,0,0
BRDA:76,5,1,0
BRDA:76,5,2,0
BRDA:78,6,0,0
BRDA:78,6,1,0
BRDA:79,7,0,0
BRDA:79,7,1,0
BRDA:85,8,0,0
BRDA:85,8,1,0
BRDA:86,9,0,0
BRDA:86,9,1,0
BRDA:87,10,0,0
BRDA:87,10,1,0
BRDA:87,10,2,0
BRDA:88,11,0,0
BRDA:88,11,1,0
BRDA:89,12,0,0
BRDA:89,12,1,0
BRDA:90,13,0,0
BRDA:90,13,1,0
BRDA:91,14,0,0
BRDA:91,14,1,0
BRDA:108,15,0,0
BRDA:108,15,1,0
BRF:34
BRH:0
end_of_record
TN:
SF:src/utils/responseBuilder.ts
FN:3,(anonymous_0)
FN:12,(anonymous_1)
FN:21,(anonymous_2)
FN:30,(anonymous_3)
FN:37,(anonymous_4)
FNF:5
FNH:3
FNDA:16,(anonymous_0)
FNDA:10,(anonymous_1)
FNDA:10,(anonymous_2)
FNDA:0,(anonymous_3)
FNDA:0,(anonymous_4)
DA:3,7
DA:6,16
DA:12,7
DA:15,10
DA:21,7
DA:24,10
DA:30,7
DA:32,0
DA:37,7
DA:46,0
LF:10
LH:8
BRDA:27,0,0,10
BRDA:27,0,1,0
BRF:2
BRH:1
end_of_record
TN:
SF:src/utils/sanitizeUser.ts
FN:3,sanitizeUser
FNF:1
FNH:0
FNDA:0,sanitizeUser
DA:3,1
DA:5,0
DA:6,0
LF:3
LH:1
BRF:0
BRH:0
end_of_record
TN:
SF:src/utils/validation.ts
FN:29,(anonymous_0)
FN:34,(anonymous_1)
FN:39,(anonymous_2)
FN:46,(anonymous_3)
FN:63,(anonymous_4)
FN:72,(anonymous_5)
FN:84,(anonymous_6)
FN:89,(anonymous_7)
FN:95,(anonymous_8)
FN:101,(anonymous_9)
FN:119,(anonymous_10)
FN:185,(anonymous_11)
FN:192,(anonymous_12)
FN:199,(anonymous_13)
FN:206,(anonymous_14)
FN:213,(anonymous_15)
FN:227,(anonymous_16)
FN:234,(anonymous_17)
FN:241,(anonymous_18)
FN:248,(anonymous_19)
FN:255,(anonymous_20)
FN:265,(anonymous_21)
FN:272,(anonymous_22)
FN:279,(anonymous_23)
FN:286,(anonymous_24)
FN:295,(anonymous_25)
FN:302,(anonymous_26)
FN:313,(anonymous_27)
FN:323,(anonymous_28)
FN:333,(anonymous_29)
FN:342,(anonymous_30)
FN:359,(anonymous_31)
FN:369,(anonymous_32)
FN:372,(anonymous_33)
FN:380,(anonymous_34)
FN:401,(anonymous_35)
FN:412,(anonymous_36)
FNF:37
FNH:4
FNDA:6,(anonymous_0)
FNDA:0,(anonymous_1)
FNDA:0,(anonymous_2)
FNDA:0,(anonymous_3)
FNDA:0,(anonymous_4)
FNDA:0,(anonymous_5)
FNDA:295,(anonymous_6)
FNDA:0,(anonymous_7)
FNDA:0,(anonymous_8)
FNDA:0,(anonymous_9)
FNDA:0,(anonymous_10)
FNDA:0,(anonymous_11)
FNDA:0,(anonymous_12)
FNDA:0,(anonymous_13)
FNDA:0,(anonymous_14)
FNDA:0,(anonymous_15)
FNDA:0,(anonymous_16)
FNDA:0,(anonymous_17)
FNDA:0,(anonymous_18)
FNDA:0,(anonymous_19)
FNDA:0,(anonymous_20)
FNDA:0,(anonymous_21)
FNDA:0,(anonymous_22)
FNDA:0,(anonymous_23)
FNDA:0,(anonymous_24)
FNDA:0,(anonymous_25)
FNDA:0,(anonymous_26)
FNDA:0,(anonymous_27)
FNDA:0,(anonymous_28)
FNDA:0,(anonymous_29)
FNDA:0,(anonymous_30)
FNDA:0,(anonymous_31)
FNDA:0,(anonymous_32)
FNDA:0,(anonymous_33)
FNDA:0,(anonymous_34)
FNDA:32,(anonymous_35)
FNDA:84,(anonymous_36)
DA:2,14
DA:3,14
DA:4,14
DA:5,14
DA:8,14
DA:11,14
DA:19,14
DA:22,14
DA:25,14
DA:26,14
DA:29,14
DA:30,6
DA:31,6
DA:34,14
DA:35,0
DA:36,0
DA:39,14
DA:40,0
DA:41,0
DA:42,0
DA:43,0
DA:46,14
DA:47,0
DA:49,0
DA:51,0
DA:54,0
DA:57,0
DA:58,0
DA:60,0
DA:63,14
DA:64,0
DA:65,0
DA:67,0
DA:69,0
DA:72,14
DA:73,0
DA:75,0
DA:76,0
DA:77,0
DA:81,0
DA:84,14
DA:85,295
DA:86,295
DA:89,14
DA:90,0
DA:91,0
DA:92,0
DA:95,14
DA:96,0
DA:97,0
DA:98,0
DA:101,14
DA:102,0
DA:119,14
DA:123,0
DA:125,0
DA:126,0
DA:129,0
DA:130,0
DA:136,0
DA:140,0
DA:141,0
DA:145,0
DA:146,0
DA:152,0
DA:156,0
DA:157,0
DA:166,0
DA:181,14
DA:185,0
DA:192,0
DA:199,0
DA:206,0
DA:213,0
DA:223,14
DA:227,0
DA:234,0
DA:241,0
DA:248,0
DA:255,0
DA:261,14
DA:265,0
DA:272,0
DA:279,0
DA:287,0
DA:295,0
DA:303,0
DA:309,14
DA:314,0
DA:315,0
DA:324,0
DA:325,0
DA:334,0
DA:335,0
DA:343,0
DA:344,0
DA:345,0
DA:347,0
DA:348,0
DA:349,0
DA:351,0
DA:360,0
DA:361,0
DA:370,0
DA:371,0
DA:372,0
DA:381,0
DA:382,0
DA:383,0
DA:384,0
DA:385,0
DA:387,0
DA:396,14
DA:399,14
DA:401,14
DA:402,32
DA:404,29
DA:407,29
DA:409,24
DA:410,24
DA:411,24
DA:412,84
DA:414,0
LF:123
LH:39
BRDA:30,0,0,0
BRDA:30,0,1,6
BRDA:30,1,0,6
BRDA:30,1,1,6
BRDA:34,2,0,0
BRDA:35,3,0,0
BRDA:35,3,1,0
BRDA:35,4,0,0
BRDA:35,4,1,0
BRDA:40,5,0,0
BRDA:40,5,1,0
BRDA:40,6,0,0
BRDA:40,6,1,0
BRDA:42,7,0,0
BRDA:42,7,1,0
BRDA:42,8,0,0
BRDA:42,8,1,0
BRDA:47,9,0,0
BRDA:47,9,1,0
BRDA:47,10,0,0
BRDA:47,10,1,0
BRDA:49,11,0,0
BRDA:49,11,1,0
BRDA:51,12,0,0
BRDA:51,12,1,0
BRDA:51,13,0,0
BRDA:51,13,1,0
BRDA:54,14,0,0
BRDA:54,14,1,0
BRDA:57,15,0,0
BRDA:57,15,1,0
BRDA:58,16,0,0
BRDA:58,16,1,0
BRDA:67,17,0,0
BRDA:67,17,1,0
BRDA:67,18,0,0
BRDA:67,18,1,0
BRDA:76,19,0,0
BRDA:76,19,1,0
BRDA:76,20,0,0
BRDA:76,20,1,0
BRDA:76,20,2,0
BRDA:85,21,0,0
BRDA:85,21,1,295
BRDA:85,22,0,295
BRDA:85,22,1,295
BRDA:90,23,0,0
BRDA:90,23,1,0
BRDA:90,24,0,0
BRDA:90,24,1,0
BRDA:92,25,0,0
BRDA:92,25,1,0
BRDA:96,26,0,0
BRDA:96,26,1,0
BRDA:97,27,0,0
BRDA:97,27,1,0
BRDA:98,28,0,0
BRDA:98,28,1,0
BRDA:98,28,2,0
BRDA:129,29,0,0
BRDA:129,29,1,0
BRDA:129,30,0,0
BRDA:129,30,1,0
BRDA:129,30,2,0
BRDA:129,30,3,0
BRDA:140,31,0,0
BRDA:140,31,1,0
BRDA:140,32,0,0
BRDA:140,32,1,0
BRDA:140,32,2,0
BRDA:140,32,3,0
BRDA:145,33,0,0
BRDA:145,33,1,0
BRDA:145,34,0,0
BRDA:145,34,1,0
BRDA:156,35,0,0
BRDA:156,35,1,0
BRDA:156,36,0,0
BRDA:156,36,1,0
BRDA:160,37,0,0
BRDA:160,37,1,0
BRDA:161,38,0,0
BRDA:161,38,1,0
BRDA:287,39,0,0
BRDA:287,39,1,0
BRDA:303,40,0,0
BRDA:303,40,1,0
BRDA:314,41,0,0
BRDA:314,41,1,0
BRDA:314,42,0,0
BRDA:314,42,1,0
BRDA:324,43,0,0
BRDA:324,43,1,0
BRDA:324,44,0,0
BRDA:324,44,1,0
BRDA:334,45,0,0
BRDA:334,45,1,0
BRDA:334,46,0,0
BRDA:334,46,1,0
BRDA:343,47,0,0
BRDA:343,47,1,0
BRDA:343,48,0,0
BRDA:343,48,1,0
BRDA:344,49,0,0
BRDA:344,49,1,0
BRDA:347,50,0,0
BRDA:347,50,1,0
BRDA:360,51,0,0
BRDA:360,51,1,0
BRDA:360,52,0,0
BRDA:360,52,1,0
BRDA:370,53,0,0
BRDA:370,53,1,0
BRDA:370,54,0,0
BRDA:370,54,1,0
BRDA:371,55,0,0
BRDA:371,55,1,0
BRDA:381,56,0,0
BRDA:381,56,1,0
BRDA:381,57,0,0
BRDA:381,57,1,0
BRDA:382,58,0,0
BRDA:382,58,1,0
BRDA:402,59,0,3
BRDA:402,59,1,29
BRDA:402,60,0,32
BRDA:402,60,1,29
BRDA:407,61,0,5
BRDA:407,61,1,24
BRF:129
BRH:12
end_of_record
TN:
SF:src/utils/withdrawal-state-machine.ts
FN:57,(anonymous_0)
FN:70,(anonymous_1)
FN:79,(anonymous_2)
FN:88,(anonymous_3)
FNF:4
FNH:4
FNDA:34,(anonymous_0)
FNDA:6,(anonymous_1)
FNDA:12,(anonymous_2)
FNDA:14,(anonymous_3)
DA:5,2
DA:11,2
DA:16,2
DA:58,34
DA:59,34
DA:60,0
DA:62,34
DA:71,6
DA:80,12
DA:89,14
LF:10
LH:9
BRDA:59,0,0,0
BRDA:59,0,1,34
BRDA:71,1,0,6
BRDA:71,1,1,0
BRF:4
BRH:2
end_of_record
TN:
SF:src/validators/escrow.validator.ts
FNF:0
FNH:0
DA:1,3
DA:3,3
DA:10,3
DA:17,3
LF:4
LH:4
BRF:0
BRH:0
end_of_record
TN:
SF:src/validators/task.validator.ts
FN:12,(anonymous_0)
FNF:1
FNH:0
FNDA:0,(anonymous_0)
DA:1,0
DA:3,0
DA:12,0
DA:13,0
LF:4
LH:0
BRF:0
BRH:0
end_of_record
