TN:
SF:src\controllers\wallet.controller.ts
FN:22,(anonymous_0)
FNF:1
FNH:1
FNDA:16,(anonymous_0)
DA:8,1
DA:9,1
DA:16,1
DA:22,1
DA:27,16
DA:28,16
DA:31,16
DA:32,2
DA:36,14
DA:37,2
DA:44,12
DA:45,1
DA:49,11
DA:50,0
DA:53,11
DA:56,11
DA:59,9
DA:74,7
DA:76,7
DA:77,1
DA:79,6
DA:83,0
DA:84,0
DA:87,0
LF:24
LH:20
BRDA:31,0,0,2
BRDA:31,0,1,14
BRDA:31,1,0,16
BRDA:31,1,1,15
BRDA:36,2,0,2
BRDA:36,2,1,12
BRDA:36,3,0,14
BRDA:36,3,1,14
BRDA:36,3,2,13
BRDA:44,4,0,1
BRDA:44,4,1,11
BRDA:49,5,0,0
BRDA:49,5,1,11
BRDA:49,6,0,11
BRDA:49,6,1,11
BRDA:74,7,0,7
BRDA:74,7,1,0
BRDA:76,8,0,1
BRDA:76,8,1,6
BRDA:83,9,0,0
BRDA:83,9,1,0
BRDA:83,10,0,0
BRDA:83,10,1,0
BRF:23
BRH:17
end_of_record
TN:
SF:src\routes\wallet.routes.ts
FNF:0
FNH:0
DA:1,1
DA:2,1
DA:3,1
DA:5,1
DA:13,1
DA:15,1
LF:6
LH:6
BRF:0
BRH:0
end_of_record
TN:
SF:src\services\wallet.service.ts
FN:24,generateInvisibleWallet
FN:72,linkExternalWallet
FN:120,connectExternalWallet
FN:186,getWalletsByUserId
FN:212,getWalletByAddress
FN:242,getPrimaryWallet
FN:275,decryptPrivateKey
FN:298,deleteWallet
FNF:8
FNH:0
FNDA:0,generateInvisibleWallet
FNDA:0,linkExternalWallet
FNDA:0,connectExternalWallet
FNDA:0,getWalletsByUserId
FNDA:0,getWalletByAddress
FNDA:0,getPrimaryWallet
FNDA:0,decryptPrivateKey
FNDA:0,deleteWallet
DA:1,0
DA:2,0
DA:3,0
DA:10,0
DA:24,0
DA:25,0
DA:27,0
DA:28,0
DA:29,0
DA:32,0
DA:35,0
DA:48,0
DA:49,0
DA:52,0
DA:58,0
DA:59,0
DA:72,0
DA:73,0
DA:75,0
DA:81,0
DA:82,0
DA:86,0
DA:98,0
DA:99,0
DA:102,0
DA:104,0
DA:105,0
DA:120,0
DA:125,0
DA:127,0
DA:128,0
DA:132,0
DA:133,0
DA:134,0
DA:141,0
DA:147,0
DA:148,0
DA:152,0
DA:166,0
DA:167,0
DA:170,0
DA:172,0
DA:173,0
DA:186,0
DA:187,0
DA:188,0
DA:193,0
DA:194,0
DA:197,0
DA:199,0
DA:200,0
DA:212,0
DA:213,0
DA:214,0
DA:220,0
DA:221,0
DA:222,0
DA:224,0
DA:227,0
DA:229,0
DA:230,0
DA:242,0
DA:243,0
DA:244,0
DA:252,0
DA:253,0
DA:254,0
DA:256,0
DA:259,0
DA:261,0
DA:262,0
DA:275,0
DA:276,0
DA:277,0
DA:280,0
DA:281,0
DA:284,0
DA:285,0
DA:287,0
DA:298,0
DA:299,0
DA:300,0
DA:305,0
DA:306,0
DA:309,0
DA:310,0
LF:86
LH:0
BRDA:48,0,0,0
BRDA:48,0,1,0
BRDA:58,1,0,0
BRDA:58,1,1,0
BRDA:60,2,0,0
BRDA:60,2,1,0
BRDA:81,3,0,0
BRDA:81,3,1,0
BRDA:98,4,0,0
BRDA:98,4,1,0
BRDA:104,5,0,0
BRDA:104,5,1,0
BRDA:106,6,0,0
BRDA:106,6,1,0
BRDA:127,7,0,0
BRDA:127,7,1,0
BRDA:133,8,0,0
BRDA:133,8,1,0
BRDA:147,9,0,0
BRDA:147,9,1,0
BRDA:166,10,0,0
BRDA:166,10,1,0
BRDA:172,11,0,0
BRDA:172,11,1,0
BRDA:174,12,0,0
BRDA:174,12,1,0
BRDA:193,13,0,0
BRDA:193,13,1,0
BRDA:197,14,0,0
BRDA:197,14,1,0
BRDA:199,15,0,0
BRDA:199,15,1,0
BRDA:201,16,0,0
BRDA:201,16,1,0
BRDA:220,17,0,0
BRDA:220,17,1,0
BRDA:221,18,0,0
BRDA:221,18,1,0
BRDA:229,19,0,0
BRDA:229,19,1,0
BRDA:231,20,0,0
BRDA:231,20,1,0
BRDA:252,21,0,0
BRDA:252,21,1,0
BRDA:253,22,0,0
BRDA:253,22,1,0
BRDA:261,23,0,0
BRDA:261,23,1,0
BRDA:263,24,0,0
BRDA:263,24,1,0
BRDA:276,25,0,0
BRDA:276,25,1,0
BRDA:280,26,0,0
BRDA:280,26,1,0
BRDA:288,27,0,0
BRDA:288,27,1,0
BRDA:305,28,0,0
BRDA:305,28,1,0
BRDA:309,29,0,0
BRDA:309,29,1,0
BRDA:311,30,0,0
BRDA:311,30,1,0
BRF:62
BRH:0
end_of_record
